#
# There is insufficient memory for the Java Runtime Environment to continue.
# Native memory allocation (malloc) failed to allocate 100663296 bytes for committing reserved memory.
# Possible reasons:
#   The system is out of physical RAM or swap space
#   In 32 bit mode, the process size limit was hit
# Possible solutions:
#   Reduce memory load on the system
#   Increase physical memory or swap space
#   Check if swap backing store is full
#   Use 64 bit Java on a 64 bit OS
#   Decrease Java heap size (-Xmx/-Xms)
#   Decrease number of Java threads
#   Decrease Java thread stack sizes (-Xss)
#   Set larger code cache with -XX:ReservedCodeCacheSize=
# This output file may be truncated or incomplete.
#
#  Out of Memory Error (os_linux.cpp:2827), pid=7730, tid=1788570432
#
# JRE version: OpenJDK Runtime Environment (7.0_101) (build 1.7.0_101-b00)
# Java VM: OpenJDK Server VM (24.95-b01 mixed mode linux-x86 )
# Derivative: IcedTea 2.6.6
# Distribution: Ubuntu 15.10, package 7u101-2.6.6-0ubuntu0.15.10.1
# Failed to write core dump. Core dumps have been disabled. To enable core dumping, try "ulimit -c unlimited" before starting Java again
#

---------------  T H R E A D  ---------------

Current thread (0x67c10400):  VMThread [stack: 0x6a936000,0x6a9b7000] [id=7737]

Stack: [0x6a936000,0x6a9b7000]
VM_Operation (0x67006b24): ParallelGCFailedAllocation, mode: safepoint, requested by thread 0x67ce8400


---------------  P R O C E S S  ---------------

Java Threads: ( => current thread )
  0x67ce9400 JavaThread "pool-2-thread-4" [_thread_blocked, id=7750, stack(0x66f66000,0x66fb7000)]
  0x67ce8400 JavaThread "pool-2-thread-3" [_thread_blocked, id=7749, stack(0x66fb7000,0x67008000)]
  0x67ce7800 JavaThread "pool-2-thread-2" [_thread_blocked, id=7748, stack(0x67008000,0x67059000)]
  0x67ce6000 JavaThread "pool-3-thread-1" [_thread_blocked, id=7747, stack(0x67059000,0x670aa000)]
  0x67ce4000 JavaThread "pool-2-thread-1" [_thread_blocked, id=7746, stack(0x670aa000,0x670fb000)]
  0x67c2c800 JavaThread "Service Thread" daemon [_thread_blocked, id=7743, stack(0x6785c000,0x678ad000)]
  0x67c2ac00 JavaThread "C2 CompilerThread1" daemon [_thread_blocked, id=7742, stack(0x678ad000,0x6792e000)]
  0x67c28c00 JavaThread "C2 CompilerThread0" daemon [_thread_blocked, id=7741, stack(0x6792e000,0x679af000)]
  0x67c27000 JavaThread "Signal Dispatcher" daemon [_thread_blocked, id=7740, stack(0x679af000,0x67a00000)]
  0x67c14400 JavaThread "Finalizer" daemon [_thread_blocked, id=7739, stack(0x67d2c000,0x67d7d000)]
  0x67c12c00 JavaThread "Reference Handler" daemon [_thread_blocked, id=7738, stack(0x67d7d000,0x67dce000)]
  0xb6107c00 JavaThread "main" [_thread_blocked, id=7734, stack(0xb62b6000,0xb6307000)]

Other Threads:
=>0x67c10400 VMThread [stack: 0x6a936000,0x6a9b7000] [id=7737]
  0x67c2ec00 WatcherThread [stack: 0x677db000,0x6785c000] [id=7744]

VM state:at safepoint (normal execution)

VM Mutex/Monitor currently owned by a thread:  ([mutex/lock_event])
[0xb6104d60] ExpandHeap_lock - owner thread: 0x67c10400
[0xb61052a8] Threads_lock - owner thread: 0x67c10400
[0xb61056b8] Heap_lock - owner thread: 0x67ce8400

Heap
 PSYoungGen      total 291840K, used 6976K [0x9dac0000, 0xb3040000, 0xb3040000)
  eden space 244224K, 0% used [0x9dac0000,0x9dac0000,0xac940000)
  from space 47616K, 14% used [0xb0140000,0xb0810010,0xb2fc0000)
  to   space 52736K, 0% used [0xac940000,0xac940000,0xafcc0000)
 ParOldGen       total 225024K, used 224892K [0x73040000, 0x80c00000, 0x9dac0000)
  object space 225024K, 99% used [0x73040000,0x80bdf210,0x80c00000)
 PSPermGen       total 16384K, used 4427K [0x6b040000, 0x6c040000, 0x73040000)
  object space 16384K, 27% used [0x6b040000,0x6b492fd0,0x6c040000)

Card table byte_map: [0x6adff000,0x6b040000] byte_map_base: 0x6aaa6e00

Polling page: 0xb76d5000

Code Cache  [0xb3100000, 0xb34f0000, 0xb6100000)
 total_blobs=1323 nmethods=1201 adapters=76 free_code_cache=45182Kb largest_free_block=46224960

Compilation events (10 events):
Event: 113.348 Thread 0x67c28c00 nmethod 1238 0xb34b90c8 code [0xb34b91e0, 0xb34b92dc]
Event: 113.355 Thread 0x67c2ac00 nmethod 1239 0xb332e508 code [0xb332e660, 0xb332ea70]
Event: 113.368 Thread 0x67c28c00 1240             java.util.BitSet::set (124 bytes)
Event: 113.392 Thread 0x67c2ac00 1241             com.android.dx.ssa.back.FirstFitLocalCombiningAllocator::addMapping (76 bytes)
Event: 113.418 Thread 0x67c28c00 nmethod 1240 0xb3330148 code [0xb3330280, 0xb3330830]
Event: 113.462 Thread 0x67c2ac00 nmethod 1241 0xb34d87c8 code [0xb34d8980, 0xb34d93f8]
Event: 113.652 Thread 0x67c28c00 1242             com.android.dx.rop.cst.CstLiteral64::hashCode (15 bytes)
Event: 113.652 Thread 0x67c28c00 nmethod 1242 0xb332e308 code [0xb332e3e0, 0xb332e430]
Event: 113.672 Thread 0x67c2ac00 1243             com.android.dx.util.BitIntSet$1::next (42 bytes)
Event: 113.686 Thread 0x67c2ac00 nmethod 1243 0xb332fd08 code [0xb332fe00, 0xb3330030]

GC Heap History (10 events):
Event: 73.754 GC heap after
Heap after GC invocations=15 (full 2):
 PSYoungGen      total 281600K, used 35910K [0x9dac0000, 0xb3040000, 0xb3040000)
  eden space 240896K, 0% used [0x9dac0000,0x9dac0000,0xac600000)
  from space 40704K, 88% used [0xac600000,0xae9118b0,0xaedc0000)
  to   space 45824K, 0% used [0xb0380000,0xb0380000,0xb3040000)
 ParOldGen       total 143872K, used 109419K [0x73040000, 0x7bcc0000, 0x9dac0000)
  object space 143872K, 76% used [0x73040000,0x79b1ae58,0x7bcc0000)
 PSPermGen       total 16384K, used 4401K [0x6b040000, 0x6c040000, 0x73040000)
  object space 16384K, 26% used [0x6b040000,0x6b48c688,0x6c040000)
}
Event: 81.351 GC heap before
{Heap before GC invocations=16 (full 2):
 PSYoungGen      total 281600K, used 276806K [0x9dac0000, 0xb3040000, 0xb3040000)
  eden space 240896K, 100% used [0x9dac0000,0xac600000,0xac600000)
  from space 40704K, 88% used [0xac600000,0xae9118b0,0xaedc0000)
  to   space 45824K, 0% used [0xb0380000,0xb0380000,0xb3040000)
 ParOldGen       total 143872K, used 109419K [0x73040000, 0x7bcc0000, 0x9dac0000)
  object space 143872K, 76% used [0x73040000,0x79b1ae58,0x7bcc0000)
 PSPermGen       total 16384K, used 4406K [0x6b040000, 0x6c040000, 0x73040000)
  object space 16384K, 26% used [0x6b040000,0x6b48dbc0,0x6c040000)
Event: 88.142 GC heap after
Heap after GC invocations=16 (full 2):
 PSYoungGen      total 295680K, used 35208K [0x9dac0000, 0xb3040000, 0xb3040000)
  eden space 249856K, 0% used [0x9dac0000,0x9dac0000,0xacec0000)
  from space 45824K, 76% used [0xb0380000,0xb25e2298,0xb3040000)
  to   space 49920K, 0% used [0xacec0000,0xacec0000,0xaff80000)
 ParOldGen       total 144384K, used 144122K [0x73040000, 0x7bd40000, 0x9dac0000)
  object space 144384K, 99% used [0x73040000,0x7bcfe9a0,0x7bd40000)
 PSPermGen       total 16384K, used 4406K [0x6b040000, 0x6c040000, 0x73040000)
  object space 16384K, 26% used [0x6b040000,0x6b48dbc0,0x6c040000)
}
Event: 88.518 GC heap before
{Heap before GC invocations=17 (full 3):
 PSYoungGen      total 295680K, used 35208K [0x9dac0000, 0xb3040000, 0xb3040000)
  eden space 249856K, 0% used [0x9dac0000,0x9dac0000,0xacec0000)
  from space 45824K, 76% used [0xb0380000,0xb25e2298,0xb3040000)
  to   space 49920K, 0% used [0xacec0000,0xacec0000,0xaff80000)
 ParOldGen       total 144384K, used 144122K [0x73040000, 0x7bd40000, 0x9dac0000)
  object space 144384K, 99% used [0x73040000,0x7bcfe9a0,0x7bd40000)
 PSPermGen       total 16384K, used 4406K [0x6b040000, 0x6c040000, 0x73040000)
  object space 16384K, 26% used [0x6b040000,0x6b48dbc0,0x6c040000)
Event: 91.059 GC heap after
Heap after GC invocations=17 (full 3):
 PSYoungGen      total 295680K, used 31885K [0x9dac0000, 0xb3040000, 0xb3040000)
  eden space 249856K, 0% used [0x9dac0000,0x9dac0000,0xacec0000)
  from space 45824K, 69% used [0xb0380000,0xb22a34b0,0xb3040000)
  to   space 49920K, 0% used [0xacec0000,0xacec0000,0xaff80000)
 ParOldGen       total 225024K, used 144150K [0x73040000, 0x80c00000, 0x9dac0000)
  object space 225024K, 64% used [0x73040000,0x7bd05b68,0x80c00000)
 PSPermGen       total 16384K, used 4406K [0x6b040000, 0x6c040000, 0x73040000)
  object space 16384K, 26% used [0x6b040000,0x6b48da60,0x6c040000)
}
Event: 105.714 GC heap before
{Heap before GC invocations=18 (full 3):
 PSYoungGen      total 295680K, used 281741K [0x9dac0000, 0xb3040000, 0xb3040000)
  eden space 249856K, 100% used [0x9dac0000,0xacec0000,0xacec0000)
  from space 45824K, 69% used [0xb0380000,0xb22a34b0,0xb3040000)
  to   space 49920K, 0% used [0xacec0000,0xacec0000,0xaff80000)
 ParOldGen       total 225024K, used 144150K [0x73040000, 0x80c00000, 0x9dac0000)
  object space 225024K, 64% used [0x73040000,0x7bd05b68,0x80c00000)
 PSPermGen       total 16384K, used 4412K [0x6b040000, 0x6c040000, 0x73040000)
  object space 16384K, 26% used [0x6b040000,0x6b48f050,0x6c040000)
Event: 109.841 GC heap after
Heap after GC invocations=18 (full 3):
 PSYoungGen      total 299776K, used 20943K [0x9dac0000, 0xb2fc0000, 0xb3040000)
  eden space 249856K, 0% used [0x9dac0000,0x9dac0000,0xacec0000)
  from space 49920K, 41% used [0xacec0000,0xae333ca0,0xaff80000)
  to   space 47616K, 0% used [0xb0140000,0xb0140000,0xb2fc0000)
 ParOldGen       total 225024K, used 175087K [0x73040000, 0x80c00000, 0x9dac0000)
  object space 225024K, 77% used [0x73040000,0x7db3bc58,0x80c00000)
 PSPermGen       total 16384K, used 4412K [0x6b040000, 0x6c040000, 0x73040000)
  object space 16384K, 26% used [0x6b040000,0x6b48f050,0x6c040000)
}
Event: 113.987 GC heap before
{Heap before GC invocations=19 (full 3):
 PSYoungGen      total 299776K, used 270799K [0x9dac0000, 0xb2fc0000, 0xb3040000)
  eden space 249856K, 100% used [0x9dac0000,0xacec0000,0xacec0000)
  from space 49920K, 41% used [0xacec0000,0xae333ca0,0xaff80000)
  to   space 47616K, 0% used [0xb0140000,0xb0140000,0xb2fc0000)
 ParOldGen       total 225024K, used 175087K [0x73040000, 0x80c00000, 0x9dac0000)
  object space 225024K, 77% used [0x73040000,0x7db3bc58,0x80c00000)
 PSPermGen       total 16384K, used 4428K [0x6b040000, 0x6c040000, 0x73040000)
  object space 16384K, 27% used [0x6b040000,0x6b493060,0x6c040000)
Event: 114.368 GC heap after
Heap after GC invocations=19 (full 3):
 PSYoungGen      total 291840K, used 40449K [0x9dac0000, 0xb3040000, 0xb3040000)
  eden space 244224K, 0% used [0x9dac0000,0x9dac0000,0xac940000)
  from space 47616K, 84% used [0xb0140000,0xb28c0690,0xb2fc0000)
  to   space 52736K, 0% used [0xac940000,0xac940000,0xafcc0000)
 ParOldGen       total 225024K, used 195251K [0x73040000, 0x80c00000, 0x9dac0000)
  object space 225024K, 86% used [0x73040000,0x7eeeceb8,0x80c00000)
 PSPermGen       total 16384K, used 4428K [0x6b040000, 0x6c040000, 0x73040000)
  object space 16384K, 27% used [0x6b040000,0x6b493060,0x6c040000)
}
Event: 114.368 GC heap before
{Heap before GC invocations=20 (full 4):
 PSYoungGen      total 291840K, used 40449K [0x9dac0000, 0xb3040000, 0xb3040000)
  eden space 244224K, 0% used [0x9dac0000,0x9dac0000,0xac940000)
  from space 47616K, 84% used [0xb0140000,0xb28c0690,0xb2fc0000)
  to   space 52736K, 0% used [0xac940000,0xac940000,0xafcc0000)
 ParOldGen       total 225024K, used 195251K [0x73040000, 0x80c00000, 0x9dac0000)
  object space 225024K, 86% used [0x73040000,0x7eeeceb8,0x80c00000)
 PSPermGen       total 16384K, used 4428K [0x6b040000, 0x6c040000, 0x73040000)
  object space 16384K, 27% used [0x6b040000,0x6b493060,0x6c040000)

Deoptimization events (10 events):
Event: 105.443 Thread 0x67ce9400 Uncommon trap: reason=unstable_if action=reinterpret pc=0xb326f1c8 method=java.util.BitSet.set(II)V @ 48
Event: 105.447 Thread 0x67ce9400 Uncommon trap: reason=unstable_if action=reinterpret pc=0xb33290a8 method=java.util.BitSet.set(II)V @ 48
Event: 112.317 Thread 0x67ce7800 Uncommon trap: reason=unstable_if action=reinterpret pc=0xb31bf470 method=com.android.dx.ssa.SCCP.simulateStmt(Lcom/android/dx/ssa/SsaInsn;)V @ 435
Event: 112.361 Thread 0x67ce7800 Uncommon trap: reason=class_check action=maybe_recompile pc=0xb34c9038 method=com.android.dx.cf.code.BytecodeArray.parseInstruction(ILcom/android/dx/cf/code/BytecodeArray$Visitor;)I @ 2047
Event: 112.361 Thread 0x67ce7800 Uncommon trap: reason=class_check action=maybe_recompile pc=0xb34c9038 method=com.android.dx.cf.code.BytecodeArray.parseInstruction(ILcom/android/dx/cf/code/BytecodeArray$Visitor;)I @ 2047
Event: 112.361 Thread 0x67ce7800 Uncommon trap: reason=class_check action=maybe_recompile pc=0xb34c9038 method=com.android.dx.cf.code.BytecodeArray.parseInstruction(ILcom/android/dx/cf/code/BytecodeArray$Visitor;)I @ 2047
Event: 112.364 Thread 0x67ce7800 Uncommon trap: reason=class_check action=maybe_recompile pc=0xb34c9038 method=com.android.dx.cf.code.BytecodeArray.parseInstruction(ILcom/android/dx/cf/code/BytecodeArray$Visitor;)I @ 2047
Event: 113.076 Thread 0x67ce4000 Uncommon trap: reason=bimorphic action=maybe_recompile pc=0xb327489c method=com.android.dx.ssa.LiteralOpUpgrader.tryReplacingWithConstant(Lcom/android/dx/ssa/NormalSsaInsn;)Z @ 62
Event: 113.076 Thread 0x67ce4000 Uncommon trap: reason=unstable_if action=reinterpret pc=0xb335f194 method=com.android.dx.ssa.LiteralOpUpgrader$1.visitNonMoveInsn(Lcom/android/dx/ssa/NormalSsaInsn;)V @ 24
Event: 113.085 Thread 0x67ce4000 Uncommon trap: reason=bimorphic action=maybe_recompile pc=0xb327489c method=com.android.dx.ssa.LiteralOpUpgrader.tryReplacingWithConstant(Lcom/android/dx/ssa/NormalSsaInsn;)Z @ 62

Internal exceptions (10 events):
Event: 9.576 Thread 0x67ce4000 Implicit null exception at 0xb31c7ced to 0xb31c8e71
Event: 10.997 Thread 0x67ce4000 Threw 0x9f313430 at /build/openjdk-7-OqSw7x/openjdk-7-7u101-2.6.6/build/openjdk/hotspot/src/share/vm/prims/jvm.cpp:1322
Event: 20.673 Thread 0xb6107c00 Threw 0xa0455af0 at /build/openjdk-7-OqSw7x/openjdk-7-7u101-2.6.6/build/openjdk/hotspot/src/share/vm/prims/jvm.cpp:1322
Event: 26.693 Thread 0x67ce4000 Implicit null exception at 0xb32214b4 to 0xb3224551
Event: 28.614 Thread 0x67ce7800 Threw 0xa34cecc8 at /build/openjdk-7-OqSw7x/openjdk-7-7u101-2.6.6/build/openjdk/hotspot/src/share/vm/prims/jvm.cpp:1322
Event: 46.114 Thread 0x67ce7800 Implicit null exception at 0xb32bea10 to 0xb32c0231
Event: 48.168 Thread 0xb6107c00 Implicit null exception at 0xb32a7ec0 to 0xb32ae879
Event: 49.895 Thread 0x67ce4000 Implicit null exception at 0xb32874d3 to 0xb3287f9d
Event: 78.476 Thread 0x67ce9400 Threw 0xa1d9a0b8 at /build/openjdk-7-OqSw7x/openjdk-7-7u101-2.6.6/build/openjdk/hotspot/src/share/vm/prims/jvm.cpp:1322
Event: 95.573 Thread 0xb6107c00 Threw 0x9dc6ab98 at /build/openjdk-7-OqSw7x/openjdk-7-7u101-2.6.6/build/openjdk/hotspot/src/share/vm/prims/jvm.cpp:1322

Events (10 events):
Event: 113.076 Thread 0x67ce4000 DEOPT PACKING pc=0xb327489c sp=0x670f9bd0
Event: 113.076 Thread 0x67ce4000 DEOPT UNPACKING pc=0xb312cbc8 sp=0x670f9b80 mode 2
Event: 113.076 Thread 0x67ce4000 Uncommon trap: trap_request=0xffffff75 fr.pc=0xb335f194
Event: 113.076 Thread 0x67ce4000 DEOPT PACKING pc=0xb335f194 sp=0x670f9c10
Event: 113.076 Thread 0x67ce4000 DEOPT UNPACKING pc=0xb312cbc8 sp=0x670f9c00 mode 2
Event: 113.085 Thread 0x67ce4000 Uncommon trap: trap_request=0xffffffc6 fr.pc=0xb327489c
Event: 113.085 Thread 0x67ce4000 DEOPT PACKING pc=0xb327489c sp=0x670f9b70
Event: 113.085 Thread 0x67ce4000 DEOPT UNPACKING pc=0xb312cbc8 sp=0x670f9b28 mode 2
Event: 113.215 Thread 0x67c2ac00 flushing nmethod 0xb332e308
Event: 113.987 Executing VM operation: ParallelGCFailedAllocation


Dynamic libraries:
08048000-08049000 r-xp 00000000 08:01 2624692    /usr/lib/jvm/java-7-openjdk-i386/jre/bin/java
08049000-0804a000 r--p 00000000 08:01 2624692    /usr/lib/jvm/java-7-openjdk-i386/jre/bin/java
0804a000-0804b000 rw-p 00001000 08:01 2624692    /usr/lib/jvm/java-7-openjdk-i386/jre/bin/java
089f5000-098cd000 rw-p 00000000 00:00 0          [heap]
65493000-65599000 r--s 00af2000 08:01 5134836    /home/bali/AndroidStudioProjects/DMV/app/build/intermediates/transforms/jarMerging/debug/jars/1/1f/combined.jar
65b00000-65bfd000 rw-p 00000000 00:00 0 
65bfd000-65c00000 ---p 00000000 00:00 0 
65d00000-65f00000 rw-p 00000000 00:00 0 
65f00000-65ff9000 rw-p 00000000 00:00 0 
65ff9000-66000000 ---p 00000000 00:00 0 
66200000-662e5000 rw-p 00000000 00:00 0 
662e5000-66300000 ---p 00000000 00:00 0 
66300000-663f4000 rw-p 00000000 00:00 0 
663f4000-66400000 ---p 00000000 00:00 0 
66400000-664fd000 rw-p 00000000 00:00 0 
664fd000-66500000 ---p 00000000 00:00 0 
66500000-665e6000 rw-p 00000000 00:00 0 
665e6000-66600000 ---p 00000000 00:00 0 
66600000-666f9000 rw-p 00000000 00:00 0 
666f9000-66700000 ---p 00000000 00:00 0 
66800000-668fb000 rw-p 00000000 00:00 0 
668fb000-66900000 ---p 00000000 00:00 0 
66900000-669e9000 rw-p 00000000 00:00 0 
669e9000-66a00000 ---p 00000000 00:00 0 
66a00000-66afc000 rw-p 00000000 00:00 0 
66afc000-66b00000 ---p 00000000 00:00 0 
66b00000-66bd5000 rw-p 00000000 00:00 0 
66bd5000-66c00000 ---p 00000000 00:00 0 
66c00000-66cd3000 rw-p 00000000 00:00 0 
66cd3000-66d00000 ---p 00000000 00:00 0 
66d00000-66ded000 rw-p 00000000 00:00 0 
66ded000-66e00000 ---p 00000000 00:00 0 
66e00000-66e95000 rw-p 00000000 00:00 0 
66e95000-66f00000 ---p 00000000 00:00 0 
66f66000-66f69000 ---p 00000000 00:00 0 
66f69000-66fb7000 rw-p 00000000 00:00 0 
66fb7000-66fba000 ---p 00000000 00:00 0 
66fba000-67008000 rw-p 00000000 00:00 0 
67008000-6700b000 ---p 00000000 00:00 0 
6700b000-67059000 rw-p 00000000 00:00 0 
67059000-6705c000 ---p 00000000 00:00 0 
6705c000-670aa000 rw-p 00000000 00:00 0 
670aa000-670ad000 ---p 00000000 00:00 0 
670ad000-672bc000 rw-p 00000000 00:00 0 
672bc000-6732d000 r-xp 00000000 08:01 2245270    /lib/i386-linux-gnu/libpcre.so.3.13.1
6732d000-6732e000 r--p 00070000 08:01 2245270    /lib/i386-linux-gnu/libpcre.so.3.13.1
6732e000-6732f000 rw-p 00071000 08:01 2245270    /lib/i386-linux-gnu/libpcre.so.3.13.1
6732f000-67343000 r-xp 00000000 08:01 2250971    /lib/i386-linux-gnu/libresolv-2.21.so
67343000-67344000 r--p 00013000 08:01 2250971    /lib/i386-linux-gnu/libresolv-2.21.so
67344000-67345000 rw-p 00014000 08:01 2250971    /lib/i386-linux-gnu/libresolv-2.21.so
67345000-67347000 rw-p 00000000 00:00 0 
67347000-6736c000 r-xp 00000000 08:01 2228291    /lib/i386-linux-gnu/libselinux.so.1
6736c000-6736d000 r--p 00024000 08:01 2228291    /lib/i386-linux-gnu/libselinux.so.1
6736d000-6736e000 rw-p 00025000 08:01 2228291    /lib/i386-linux-gnu/libselinux.so.1
6736e000-6736f000 rw-p 00000000 00:00 0 
6736f000-67494000 r-xp 00000000 08:01 2228289    /lib/i386-linux-gnu/libglib-2.0.so.0.4600.2
67494000-67495000 r--p 00124000 08:01 2228289    /lib/i386-linux-gnu/libglib-2.0.so.0.4600.2
67495000-67496000 rw-p 00125000 08:01 2228289    /lib/i386-linux-gnu/libglib-2.0.so.0.4600.2
67496000-674f2000 r-xp 00000000 08:01 2623757    /usr/lib/i386-linux-gnu/libgobject-2.0.so.0.4600.2
674f2000-674f3000 ---p 0005c000 08:01 2623757    /usr/lib/i386-linux-gnu/libgobject-2.0.so.0.4600.2
674f3000-674f4000 r--p 0005c000 08:01 2623757    /usr/lib/i386-linux-gnu/libgobject-2.0.so.0.4600.2
674f4000-674f5000 rw-p 0005d000 08:01 2623757    /usr/lib/i386-linux-gnu/libgobject-2.0.so.0.4600.2
674f5000-676b2000 r-xp 00000000 08:01 2623745    /usr/lib/i386-linux-gnu/libgio-2.0.so.0.4600.2
676b2000-676b3000 ---p 001bd000 08:01 2623745    /usr/lib/i386-linux-gnu/libgio-2.0.so.0.4600.2
676b3000-676b5000 r--p 001bd000 08:01 2623745    /usr/lib/i386-linux-gnu/libgio-2.0.so.0.4600.2
676b5000-676b6000 rw-p 001bf000 08:01 2623745    /usr/lib/i386-linux-gnu/libgio-2.0.so.0.4600.2
676b6000-676b7000 rw-p 00000000 00:00 0 
677db000-677dc000 ---p 00000000 00:00 0 
677dc000-6785c000 rw-p 00000000 00:00 0 
6785c000-6785f000 ---p 00000000 00:00 0 
6785f000-678ad000 rw-p 00000000 00:00 0 
678ad000-678b0000 ---p 00000000 00:00 0 
678b0000-6792e000 rw-p 00000000 00:00 0 
6792e000-67931000 ---p 00000000 00:00 0 
67931000-679af000 rw-p 00000000 00:00 0 
679af000-679b2000 ---p 00000000 00:00 0 
679b2000-67a00000 rw-p 00000000 00:00 0 
67a00000-67c00000 r--p 00000000 08:01 2630559    /usr/lib/locale/locale-archive
67c00000-67cff000 rw-p 00000000 00:00 0 
67cff000-67d00000 ---p 00000000 00:00 0 
67d01000-67d18000 r-xp 00000000 08:01 2629072    /usr/lib/jvm/java-7-openjdk-i386/jre/lib/i386/libnet.so
67d18000-67d19000 r--p 00016000 08:01 2629072    /usr/lib/jvm/java-7-openjdk-i386/jre/lib/i386/libnet.so
67d19000-67d1a000 rw-p 00017000 08:01 2629072    /usr/lib/jvm/java-7-openjdk-i386/jre/lib/i386/libnet.so
67d1a000-67d2a000 r-xp 00000000 08:01 2629095    /usr/lib/jvm/java-7-openjdk-i386/jre/lib/i386/libnio.so
67d2a000-67d2b000 r--p 0000f000 08:01 2629095    /usr/lib/jvm/java-7-openjdk-i386/jre/lib/i386/libnio.so
67d2b000-67d2c000 rw-p 00010000 08:01 2629095    /usr/lib/jvm/java-7-openjdk-i386/jre/lib/i386/libnio.so
67d2c000-67d2f000 ---p 00000000 00:00 0 
67d2f000-67d7d000 rw-p 00000000 00:00 0 
67d7d000-67d80000 ---p 00000000 00:00 0 
67d80000-67dce000 rw-p 00000000 00:00 0 
67dce000-67f80000 r--s 01d32000 08:01 2629111    /usr/lib/jvm/java-7-openjdk-i386/jre/lib/rt.jar
67f80000-6a800000 rw-p 00000000 00:00 0 
6a800000-6a900000 rw-p 00000000 00:00 0 
6a902000-6a909000 r-xp 00000000 08:01 2630855    /usr/lib/i386-linux-gnu/libffi.so.6.0.4
6a909000-6a90b000 r--p 00006000 08:01 2630855    /usr/lib/i386-linux-gnu/libffi.so.6.0.4
6a90b000-6a90c000 rw-p 00008000 08:01 2630855    /usr/lib/i386-linux-gnu/libffi.so.6.0.4
6a936000-6a937000 ---p 00000000 00:00 0 
6a937000-6aa00000 rw-p 00000000 00:00 0 
6aa00000-6aa23000 rw-p 00000000 00:00 0 
6aa23000-6ab00000 ---p 00000000 00:00 0 
6ab07000-6ab0a000 r-xp 00000000 08:01 2623814    /usr/lib/i386-linux-gnu/libgmodule-2.0.so.0.4600.2
6ab0a000-6ab0b000 r--p 00002000 08:01 2623814    /usr/lib/i386-linux-gnu/libgmodule-2.0.so.0.4600.2
6ab0b000-6ab0c000 rw-p 00003000 08:01 2623814    /usr/lib/i386-linux-gnu/libgmodule-2.0.so.0.4600.2
6ab0c000-6ab67000 rw-p 00000000 00:00 0 
6ab67000-6ab68000 ---p 00000000 00:00 0 
6ab68000-6abe8000 rw-p 00000000 00:00 0 
6abe8000-6abe9000 ---p 00000000 00:00 0 
6abe9000-6ac71000 rw-p 00000000 00:00 0 
6ac71000-6aca9000 rw-p 00000000 00:00 0 
6aca9000-6ad17000 rw-p 00000000 00:00 0 
6ad17000-6adff000 rw-p 00000000 00:00 0 
6adff000-6ae07000 rw-p 00000000 00:00 0 
6ae07000-6ae3f000 rw-p 00000000 00:00 0 
6ae3f000-6aead000 rw-p 00000000 00:00 0 
6aead000-6af94000 rw-p 00000000 00:00 0 
6af94000-6b03f000 rw-p 00000000 00:00 0 
6b03f000-6c040000 rw-p 00000000 00:00 0 
6c040000-73040000 rw-p 00000000 00:00 0 
73040000-80c00000 rw-p 00000000 00:00 0 
86c00000-9dac0000 rw-p 00000000 00:00 0 
9dac0000-b3040000 rw-p 00000000 00:00 0 
b3040000-b3050000 rw-p 00000000 00:00 0 
b3050000-b3100000 rw-p 00000000 00:00 0 
b3100000-b34f0000 rwxp 00000000 00:00 0 
b34f0000-b61fd000 rw-p 00000000 00:00 0 
b61fd000-b6200000 ---p 00000000 00:00 0 
b6201000-b6210000 r--s 000df000 08:01 1058117    /home/bali/Documents/adt-bundle-linux-x86-20140702/sdk/build-tools/23.0.3/lib/dx.jar
b6210000-b6214000 r--s 0003c000 08:01 2629126    /usr/lib/jvm/java-7-openjdk-i386/jre/lib/ext/sunpkcs11.jar
b6214000-b6217000 r--s 0000f000 08:01 2629124    /usr/lib/jvm/java-7-openjdk-i386/jre/lib/ext/icedtea-sound.jar
b6217000-b6232000 rw-p 00000000 00:00 0 
b6232000-b623d000 r-xp 00000000 08:01 2250959    /lib/i386-linux-gnu/libnss_files-2.21.so
b623d000-b623e000 r--p 0000a000 08:01 2250959    /lib/i386-linux-gnu/libnss_files-2.21.so
b623e000-b623f000 rw-p 0000b000 08:01 2250959    /lib/i386-linux-gnu/libnss_files-2.21.so
b623f000-b624a000 r-xp 00000000 08:01 2250973    /lib/i386-linux-gnu/libnss_nis-2.21.so
b624a000-b624b000 r--p 0000a000 08:01 2250973    /lib/i386-linux-gnu/libnss_nis-2.21.so
b624b000-b624c000 rw-p 0000b000 08:01 2250973    /lib/i386-linux-gnu/libnss_nis-2.21.so
b624c000-b6263000 r-xp 00000000 08:01 2250976    /lib/i386-linux-gnu/libnsl-2.21.so
b6263000-b6264000 r--p 00016000 08:01 2250976    /lib/i386-linux-gnu/libnsl-2.21.so
b6264000-b6265000 rw-p 00017000 08:01 2250976    /lib/i386-linux-gnu/libnsl-2.21.so
b6265000-b6267000 rw-p 00000000 00:00 0 
b6267000-b6269000 r--s 00007000 08:01 3024966    /usr/share/java/java-atk-wrapper.jar
b6269000-b626d000 r--s 00085000 08:01 2629125    /usr/lib/jvm/java-7-openjdk-i386/jre/lib/ext/localedata.jar
b626d000-b626f000 r--s 00012000 08:01 2629122    /usr/lib/jvm/java-7-openjdk-i386/jre/lib/ext/zipfs.jar
b626f000-b6273000 r--s 00034000 08:01 2629123    /usr/lib/jvm/java-7-openjdk-i386/jre/lib/ext/sunjce_provider.jar
b6273000-b627b000 r-xp 00000000 08:01 2629077    /usr/lib/jvm/java-7-openjdk-i386/jre/lib/i386/libzip.so
b627b000-b627c000 r--p 00007000 08:01 2629077    /usr/lib/jvm/java-7-openjdk-i386/jre/lib/i386/libzip.so
b627c000-b627d000 rw-p 00008000 08:01 2629077    /usr/lib/jvm/java-7-openjdk-i386/jre/lib/i386/libzip.so
b627d000-b6285000 rw-s 00000000 08:01 526424     /tmp/hsperfdata_bali/7730
b6285000-b62ab000 r-xp 00000000 08:01 2629063    /usr/lib/jvm/java-7-openjdk-i386/jre/lib/i386/libjava.so
b62ab000-b62ac000 r--p 00025000 08:01 2629063    /usr/lib/jvm/java-7-openjdk-i386/jre/lib/i386/libjava.so
b62ac000-b62ad000 rw-p 00026000 08:01 2629063    /usr/lib/jvm/java-7-openjdk-i386/jre/lib/i386/libjava.so
b62ad000-b62b4000 r-xp 00000000 08:01 2250960    /lib/i386-linux-gnu/librt-2.21.so
b62b4000-b62b5000 r--p 00006000 08:01 2250960    /lib/i386-linux-gnu/librt-2.21.so
b62b5000-b62b6000 rw-p 00007000 08:01 2250960    /lib/i386-linux-gnu/librt-2.21.so
b62b6000-b62b9000 ---p 00000000 00:00 0 
b62b9000-b6307000 rw-p 00000000 00:00 0 
b6307000-b6323000 r-xp 00000000 08:01 2232811    /lib/i386-linux-gnu/libgcc_s.so.1
b6323000-b6324000 r--p 0001b000 08:01 2232811    /lib/i386-linux-gnu/libgcc_s.so.1
b6324000-b6325000 rw-p 0001c000 08:01 2232811    /lib/i386-linux-gnu/libgcc_s.so.1
b6325000-b6370000 r-xp 00000000 08:01 2250962    /lib/i386-linux-gnu/libm-2.21.so
b6370000-b6371000 r--p 0004a000 08:01 2250962    /lib/i386-linux-gnu/libm-2.21.so
b6371000-b6372000 rw-p 0004b000 08:01 2250962    /lib/i386-linux-gnu/libm-2.21.so
b6372000-b64df000 r-xp 00000000 08:01 2625422    /usr/lib/i386-linux-gnu/libstdc++.so.6.0.21
b64df000-b64e0000 ---p 0016d000 08:01 2625422    /usr/lib/i386-linux-gnu/libstdc++.so.6.0.21
b64e0000-b64e5000 r--p 0016d000 08:01 2625422    /usr/lib/i386-linux-gnu/libstdc++.so.6.0.21
b64e5000-b64e6000 rw-p 00172000 08:01 2625422    /usr/lib/i386-linux-gnu/libstdc++.so.6.0.21
b64e6000-b64e9000 rw-p 00000000 00:00 0 
b64e9000-b7052000 r-xp 00000000 08:01 2629075    /usr/lib/jvm/java-7-openjdk-i386/jre/lib/i386/server/libjvm.so
b7052000-b709d000 r--p 00b68000 08:01 2629075    /usr/lib/jvm/java-7-openjdk-i386/jre/lib/i386/server/libjvm.so
b709d000-b70b1000 rw-p 00bb3000 08:01 2629075    /usr/lib/jvm/java-7-openjdk-i386/jre/lib/i386/server/libjvm.so
b70b1000-b74d0000 rw-p 00000000 00:00 0 
b74d0000-b74e9000 r-xp 00000000 08:01 2228300    /lib/i386-linux-gnu/libz.so.1.2.8
b74e9000-b74ea000 r--p 00018000 08:01 2228300    /lib/i386-linux-gnu/libz.so.1.2.8
b74ea000-b74eb000 rw-p 00019000 08:01 2228300    /lib/i386-linux-gnu/libz.so.1.2.8
b74eb000-b7504000 r-xp 00000000 08:01 2250963    /lib/i386-linux-gnu/libpthread-2.21.so
b7504000-b7505000 r--p 00018000 08:01 2250963    /lib/i386-linux-gnu/libpthread-2.21.so
b7505000-b7506000 rw-p 00019000 08:01 2250963    /lib/i386-linux-gnu/libpthread-2.21.so
b7506000-b7508000 rw-p 00000000 00:00 0 
b7508000-b750b000 r-xp 00000000 08:01 2250966    /lib/i386-linux-gnu/libdl-2.21.so
b750b000-b750c000 r--p 00002000 08:01 2250966    /lib/i386-linux-gnu/libdl-2.21.so
b750c000-b750d000 rw-p 00003000 08:01 2250966    /lib/i386-linux-gnu/libdl-2.21.so
b750d000-b76c1000 r-xp 00000000 08:01 2250979    /lib/i386-linux-gnu/libc-2.21.so
b76c1000-b76c4000 r--p 001b3000 08:01 2250979    /lib/i386-linux-gnu/libc-2.21.so
b76c4000-b76c6000 rw-p 001b6000 08:01 2250979    /lib/i386-linux-gnu/libc-2.21.so
b76c6000-b76c8000 rw-p 00000000 00:00 0 
b76c8000-b76c9000 r--s 00002000 08:01 2629121    /usr/lib/jvm/java-7-openjdk-i386/jre/lib/ext/dnsns.jar
b76c9000-b76ca000 r--p 005db000 08:01 2630559    /usr/lib/locale/locale-archive
b76ca000-b76d2000 r-xp 00000000 08:01 2250961    /lib/i386-linux-gnu/libnss_compat-2.21.so
b76d2000-b76d3000 r--p 00007000 08:01 2250961    /lib/i386-linux-gnu/libnss_compat-2.21.so
b76d3000-b76d4000 rw-p 00008000 08:01 2250961    /lib/i386-linux-gnu/libnss_compat-2.21.so
b76d4000-b76d5000 rw-p 00000000 00:00 0 
b76d5000-b76d6000 ---p 00000000 00:00 0 
b76d6000-b76e4000 r-xp 00000000 08:01 2629064    /usr/lib/jvm/java-7-openjdk-i386/jre/lib/i386/libverify.so
b76e4000-b76e5000 r--p 0000d000 08:01 2629064    /usr/lib/jvm/java-7-openjdk-i386/jre/lib/i386/libverify.so
b76e5000-b76e6000 rw-p 0000e000 08:01 2629064    /usr/lib/jvm/java-7-openjdk-i386/jre/lib/i386/libverify.so
b76e6000-b76f2000 r-xp 00000000 08:01 2629092    /usr/lib/jvm/java-7-openjdk-i386/jre/lib/i386/jli/libjli.so
b76f2000-b76f3000 r--p 0000b000 08:01 2629092    /usr/lib/jvm/java-7-openjdk-i386/jre/lib/i386/jli/libjli.so
b76f3000-b76f4000 rw-p 0000c000 08:01 2629092    /usr/lib/jvm/java-7-openjdk-i386/jre/lib/i386/jli/libjli.so
b76f4000-b76f7000 rw-p 00000000 00:00 0 
b76f7000-b76f9000 r--p 00000000 00:00 0          [vvar]
b76f9000-b76fa000 r-xp 00000000 00:00 0          [vdso]
b76fa000-b771c000 r-xp 00000000 08:01 2250977    /lib/i386-linux-gnu/ld-2.21.so
b771c000-b771d000 r--p 00021000 08:01 2250977    /lib/i386-linux-gnu/ld-2.21.so
b771d000-b771e000 rw-p 00022000 08:01 2250977    /lib/i386-linux-gnu/ld-2.21.so
bfb3f000-bfb40000 rwxp 00000000 00:00 0 
bfb72000-bfb93000 rw-p 00000000 00:00 0          [stack]

VM Arguments:
jvm_args: -Djava.awt.headless=true -Xmx1024M -Dfile.encoding=UTF-8 -Duser.country=IN -Duser.language=en -Duser.variant 
java_command: com.android.dx.command.Main --dex --num-threads=4 --multi-dex --main-dex-list /home/bali/AndroidStudioProjects/DMV/app/build/intermediates/multi-dex/debug/maindexlist.txt --output /home/bali/AndroidStudioProjects/DMV/app/build/intermediates/transforms/dex/debug/folders/1000/1f/main /home/bali/AndroidStudioProjects/DMV/app/build/intermediates/transforms/jarMerging/debug/jars/1/1f/combined.jar
Launcher Type: SUN_STANDARD

Environment Variables:
PATH=/usr/local/sbin:/usr/local/bin:/usr/sbin:/usr/bin:/sbin:/bin:/usr/games:/usr/local/games
SHELL=/bin/bash
DISPLAY=:0

Signal Handlers:
SIGSEGV: [libjvm.so+0x810790], sa_mask[0]=0x7ffbfeff, sa_flags=0x10000004
SIGBUS: [libjvm.so+0x810790], sa_mask[0]=0x7ffbfeff, sa_flags=0x10000004
SIGFPE: [libjvm.so+0x689cb0], sa_mask[0]=0x7ffbfeff, sa_flags=0x10000004
SIGPIPE: [libjvm.so+0x689cb0], sa_mask[0]=0x7ffbfeff, sa_flags=0x10000004
SIGXFSZ: [libjvm.so+0x689cb0], sa_mask[0]=0x7ffbfeff, sa_flags=0x10000004
SIGILL: [libjvm.so+0x689cb0], sa_mask[0]=0x7ffbfeff, sa_flags=0x10000004
SIGUSR1: SIG_DFL, sa_mask[0]=0x00000000, sa_flags=0x00000000
SIGUSR2: [libjvm.so+0x689b00], sa_mask[0]=0x00000004, sa_flags=0x10000004
SIGHUP: [libjvm.so+0x689ce0], sa_mask[0]=0x7ffbfeff, sa_flags=0x10000004
SIGINT: [libjvm.so+0x689ce0], sa_mask[0]=0x7ffbfeff, sa_flags=0x10000004
SIGTERM: [libjvm.so+0x689ce0], sa_mask[0]=0x7ffbfeff, sa_flags=0x10000004
SIGQUIT: [libjvm.so+0x689ce0], sa_mask[0]=0x7ffbfeff, sa_flags=0x10000004
SIGTRAP: SIG_DFL, sa_mask[0]=0x00000000, sa_flags=0x00000000


---------------  S Y S T E M  ---------------

OS:Ubuntu 15.10 (wily)
uname:Linux 4.2.0-38-generic #45-Ubuntu SMP Wed Jun 8 23:03:16 UTC 2016 i686
libc:glibc 2.21 NPTL 2.21 
rlimit: STACK 8192k, CORE 0k, NPROC 30851, NOFILE 65536, AS infinity
load average:14.37 6.65 3.54

/proc/meminfo:
MemTotal:        3982064 kB
MemFree:          197864 kB
MemAvailable:     157416 kB
Buffers:            1588 kB
Cached:           272976 kB
SwapCached:            0 kB
Active:          3450408 kB
Inactive:         220736 kB
Active(anon):    3413936 kB
Inactive(anon):   197384 kB
Active(file):      36472 kB
Inactive(file):    23352 kB
Unevictable:          36 kB
Mlocked:              36 kB
HighTotal:       3129604 kB
HighFree:          26832 kB
LowTotal:         852460 kB
LowFree:          171032 kB
SwapTotal:             0 kB
SwapFree:              0 kB
Dirty:              2700 kB
Writeback:             0 kB
AnonPages:       3396804 kB
Mapped:           112248 kB
Shmem:            214524 kB
Slab:              63880 kB
SReclaimable:      39992 kB
SUnreclaim:        23888 kB
KernelStack:        5688 kB
PageTables:        18840 kB
NFS_Unstable:          0 kB
Bounce:                0 kB
WritebackTmp:          0 kB
CommitLimit:     1991032 kB
Committed_AS:    8290612 kB
VmallocTotal:     122880 kB
VmallocUsed:       18304 kB
VmallocChunk:     101748 kB
AnonHugePages:   1916928 kB
CmaTotal:              0 kB
CmaFree:               0 kB
HugePages_Total:       0
HugePages_Free:        0
HugePages_Rsvd:        0
HugePages_Surp:        0
Hugepagesize:       2048 kB
DirectMap4k:       49144 kB
DirectMap2M:      864256 kB


CPU:total 2 (2 cores per cpu, 1 threads per core) family 6 model 42 stepping 7, cmov, cx8, fxsr, mmx, sse, sse2, sse3, ssse3, sse4.1, sse4.2, popcnt, tsc, tscinvbit

/proc/cpuinfo:
processor	: 0
vendor_id	: GenuineIntel
cpu family	: 6
model		: 42
model name	: Intel(R) Pentium(R) CPU B950 @ 2.10GHz
stepping	: 7
microcode	: 0x29
cpu MHz		: 1599.937
cache size	: 2048 KB
physical id	: 0
siblings	: 2
core id		: 0
cpu cores	: 2
apicid		: 0
initial apicid	: 0
fdiv_bug	: no
f00f_bug	: no
coma_bug	: no
fpu		: yes
fpu_exception	: yes
cpuid level	: 13
wp		: yes
flags		: fpu vme de pse tsc msr pae mce cx8 apic sep mtrr pge mca cmov pat pse36 clflush dts acpi mmx fxsr sse sse2 ss ht tm pbe nx rdtscp lm constant_tsc arch_perfmon pebs bts xtopology nonstop_tsc aperfmperf eagerfpu pni pclmulqdq dtes64 monitor ds_cpl est tm2 ssse3 cx16 xtpr pdcm pcid sse4_1 sse4_2 x2apic popcnt tsc_deadline_timer xsave lahf_lm arat epb pln pts dtherm xsaveopt
bugs		:
bogomips	: 4190.37
clflush size	: 64
cache_alignment	: 64
address sizes	: 36 bits physical, 48 bits virtual
power management:

processor	: 1
vendor_id	: GenuineIntel
cpu family	: 6
model		: 42
model name	: Intel(R) Pentium(R) CPU B950 @ 2.10GHz
stepping	: 7
microcode	: 0x29
cpu MHz		: 1599.937
cache size	: 2048 KB
physical id	: 0
siblings	: 2
core id		: 1
cpu cores	: 2
apicid		: 2
initial apicid	: 2
fdiv_bug	: no
f00f_bug	: no
coma_bug	: no
fpu		: yes
fpu_exception	: yes
cpuid level	: 13
wp		: yes
flags		: fpu vme de pse tsc msr pae mce cx8 apic sep mtrr pge mca cmov pat pse36 clflush dts acpi mmx fxsr sse sse2 ss ht tm pbe nx rdtscp lm constant_tsc arch_perfmon pebs bts xtopology nonstop_tsc aperfmperf eagerfpu pni pclmulqdq dtes64 monitor ds_cpl est tm2 ssse3 cx16 xtpr pdcm pcid sse4_1 sse4_2 x2apic popcnt tsc_deadline_timer xsave lahf_lm arat epb pln pts dtherm xsaveopt
bugs		:
bogomips	: 4190.37
clflush size	: 64
cache_alignment	: 64
address sizes	: 36 bits physical, 48 bits virtual
power management:



Memory: 4k page, physical 3982064k(197864k free), swap 0k(0k free)

vm_info: OpenJDK Server VM (24.95-b01) for linux-x86 JRE (1.7.0_101-b00), built on Apr 24 2016 20:29:43 by "buildd" with gcc 5.2.1 20151010

time: Sun Jul 17 10:36:11 2016
elapsed time: 126 seconds

