#
# There is insufficient memory for the Java Runtime Environment to continue.
# Native memory allocation (malloc) failed to allocate 244056064 bytes for committing reserved memory.
# Possible reasons:
#   The system is out of physical RAM or swap space
#   In 32 bit mode, the process size limit was hit
# Possible solutions:
#   Reduce memory load on the system
#   Increase physical memory or swap space
#   Check if swap backing store is full
#   Use 64 bit Java on a 64 bit OS
#   Decrease Java heap size (-Xmx/-Xms)
#   Decrease number of Java threads
#   Decrease Java thread stack sizes (-Xss)
#   Set larger code cache with -XX:ReservedCodeCacheSize=
# This output file may be truncated or incomplete.
#
#  Out of Memory Error (os_linux.cpp:2827), pid=3482, tid=628640576
#
# JRE version: OpenJDK Runtime Environment (7.0_101) (build 1.7.0_101-b00)
# Java VM: OpenJDK Server VM (24.95-b01 mixed mode linux-x86 )
# Derivative: IcedTea 2.6.6
# Distribution: Ubuntu 15.10, package 7u101-2.6.6-0ubuntu0.15.10.1
# Failed to write core dump. Core dumps have been disabled. To enable core dumping, try "ulimit -c unlimited" before starting Java again
#

---------------  T H R E A D  ---------------

Current thread (0x25610400):  VMThread [stack: 0x25704000,0x25785000] [id=3490]

Stack: [0x25704000,0x25785000]
VM_Operation (0xb63b4a24): ParallelGCFailedAllocation, mode: safepoint, requested by thread 0xb6207c00


---------------  P R O C E S S  ---------------

Java Threads: ( => current thread )
  0x256e1400 JavaThread "pool-2-thread-4" [_thread_blocked, id=3502, stack(0x24791000,0x247e2000)]
  0x256e0400 JavaThread "pool-2-thread-3" [_thread_blocked, id=3501, stack(0x247e2000,0x24833000)]
  0x256df800 JavaThread "pool-2-thread-2" [_thread_blocked, id=3500, stack(0x24833000,0x24884000)]
  0x256de000 JavaThread "pool-3-thread-1" [_thread_blocked, id=3499, stack(0x24884000,0x248d5000)]
  0x256db000 JavaThread "pool-2-thread-1" [_thread_blocked, id=3498, stack(0x248d5000,0x24926000)]
  0x2562c800 JavaThread "Service Thread" daemon [_thread_blocked, id=3496, stack(0x251ba000,0x2520b000)]
  0x2562ac00 JavaThread "C2 CompilerThread1" daemon [_thread_blocked, id=3495, stack(0x2520b000,0x2528c000)]
  0x25628c00 JavaThread "C2 CompilerThread0" daemon [_thread_blocked, id=3494, stack(0x2528c000,0x2530d000)]
  0x25627000 JavaThread "Signal Dispatcher" daemon [_thread_blocked, id=3493, stack(0x2530d000,0x2535e000)]
  0x25614400 JavaThread "Finalizer" daemon [_thread_blocked, id=3492, stack(0x2555e000,0x255af000)]
  0x25612c00 JavaThread "Reference Handler" daemon [_thread_blocked, id=3491, stack(0x255af000,0x25600000)]
  0xb6207c00 JavaThread "main" [_thread_blocked, id=3485, stack(0xb6365000,0xb63b6000)]

Other Threads:
=>0x25610400 VMThread [stack: 0x25704000,0x25785000] [id=3490]
  0x2562e800 WatcherThread [stack: 0x25139000,0x251ba000] [id=3497]

VM state:at safepoint (normal execution)

VM Mutex/Monitor currently owned by a thread:  ([mutex/lock_event])
[0xb6204d60] ExpandHeap_lock - owner thread: 0x25610400
[0xb62052a8] Threads_lock - owner thread: 0x25610400
[0xb62056b8] Heap_lock - owner thread: 0xb6207c00

Heap
 PSYoungGen      total 425216K, used 52143K [0x88640000, 0xb3100000, 0xb3100000)
  eden space 294144K, 0% used [0x88640000,0x88640000,0x9a580000)
  from space 131072K, 39% used [0xab100000,0xae3ebd40,0xb3100000)
  to   space 202496K, 0% used [0x9a580000,0x9a580000,0xa6b40000)
 ParOldGen       total 580096K, used 580060K [0x33100000, 0x56780000, 0x88640000)
  object space 580096K, 99% used [0x33100000,0x56777180,0x56780000)
 PSPermGen       total 16384K, used 4482K [0x2b100000, 0x2c100000, 0x33100000)
  object space 16384K, 27% used [0x2b100000,0x2b560960,0x2c100000)

Card table byte_map: [0x2acbf000,0x2b100000] byte_map_base: 0x2ab66800

Polling page: 0xb7784000

Code Cache  [0xb31d8000, 0xb3618000, 0xb61d8000)
 total_blobs=1461 nmethods=1339 adapters=76 free_code_cache=44874Kb largest_free_block=45899392

Compilation events (10 events):
Event: 72.644 Thread 0x2562ac00 nmethod 1403 0xb35fde48 code [0xb35fdfa0, 0xb35fe430]
Event: 72.644 Thread 0x2562ac00 1404             java.lang.ref.Finalizer::hasBeenFinalized (14 bytes)
Event: 72.645 Thread 0x2562ac00 nmethod 1404 0xb35ea088 code [0xb35ea180, 0xb35ea1d0]
Event: 72.645 Thread 0x2562ac00 1405   !         java.lang.ref.Finalizer::remove (94 bytes)
Event: 72.668 Thread 0x2562ac00 nmethod 1405 0xb35ec248 code [0xb35ec360, 0xb35ec590]
Event: 72.668 Thread 0x2562ac00 1406             java.lang.ref.Finalizer::access$000 (4 bytes)
Event: 72.670 Thread 0x2562ac00 nmethod 1406 0xb3358288 code [0xb3358360, 0xb3358390]
Event: 72.670 Thread 0x2562ac00 1407             com.android.dx.rop.code.Rops::pickBinaryOp (158 bytes)
Event: 72.687 Thread 0x2562ac00 nmethod 1407 0xb35fd788 code [0xb35fd8a0, 0xb35fdad0]
Event: 72.926 Thread 0x25628c00 nmethod 1400% 0xb360ca08 code [0xb360cd80, 0xb360eee4]

GC Heap History (10 events):
Event: 55.052 GC heap after
Heap after GC invocations=19 (full 4):
 PSYoungGen      total 484096K, used 59093K [0x88640000, 0xb2340000, 0xb3100000)
  eden space 372480K, 0% used [0x88640000,0x88640000,0x9f200000)
  from space 111616K, 52% used [0x9f200000,0xa2bb5798,0xa5f00000)
  to   space 111872K, 0% used [0xab600000,0xab600000,0xb2340000)
 ParOldGen       total 352256K, used 283551K [0x33100000, 0x48900000, 0x88640000)
  object space 352256K, 80% used [0x33100000,0x445e7da8,0x48900000)
 PSPermGen       total 16384K, used 4459K [0x2b100000, 0x2c100000, 0x33100000)
  object space 16384K, 27% used [0x2b100000,0x2b55ad48,0x2c100000)
}
Event: 59.807 GC heap before
{Heap before GC invocations=20 (full 4):
 PSYoungGen      total 484096K, used 431573K [0x88640000, 0xb2340000, 0xb3100000)
  eden space 372480K, 100% used [0x88640000,0x9f200000,0x9f200000)
  from space 111616K, 52% used [0x9f200000,0xa2bb5798,0xa5f00000)
  to   space 111872K, 0% used [0xab600000,0xab600000,0xb2340000)
 ParOldGen       total 352256K, used 283551K [0x33100000, 0x48900000, 0x88640000)
  object space 352256K, 80% used [0x33100000,0x445e7da8,0x48900000)
 PSPermGen       total 16384K, used 4467K [0x2b100000, 0x2c100000, 0x33100000)
  object space 16384K, 27% used [0x2b100000,0x2b55ccb0,0x2c100000)
Event: 60.484 GC heap after
Heap after GC invocations=20 (full 4):
 PSYoungGen      total 545792K, used 111865K [0x88640000, 0xb3100000, 0xb3100000)
  eden space 433920K, 0% used [0x88640000,0x88640000,0xa2e00000)
  from space 111872K, 99% used [0xab600000,0xb233e6e8,0xb2340000)
  to   space 132608K, 0% used [0xa2e00000,0xa2e00000,0xaaf80000)
 ParOldGen       total 352256K, used 287964K [0x33100000, 0x48900000, 0x88640000)
  object space 352256K, 81% used [0x33100000,0x44a371f8,0x48900000)
 PSPermGen       total 16384K, used 4467K [0x2b100000, 0x2c100000, 0x33100000)
  object space 16384K, 27% used [0x2b100000,0x2b55ccb0,0x2c100000)
}
Event: 66.000 GC heap before
{Heap before GC invocations=21 (full 4):
 PSYoungGen      total 545792K, used 545785K [0x88640000, 0xb3100000, 0xb3100000)
  eden space 433920K, 100% used [0x88640000,0xa2e00000,0xa2e00000)
  from space 111872K, 99% used [0xab600000,0xb233e6e8,0xb2340000)
  to   space 132608K, 0% used [0xa2e00000,0xa2e00000,0xaaf80000)
 ParOldGen       total 352256K, used 287964K [0x33100000, 0x48900000, 0x88640000)
  object space 352256K, 81% used [0x33100000,0x44a371f8,0x48900000)
 PSPermGen       total 16384K, used 4480K [0x2b100000, 0x2c100000, 0x33100000)
  object space 16384K, 27% used [0x2b100000,0x2b5601e0,0x2c100000)
Event: 66.879 GC heap after
Heap after GC invocations=21 (full 4):
 PSYoungGen      total 566528K, used 66497K [0x88640000, 0xb3100000, 0xb3100000)
  eden space 433920K, 0% used [0x88640000,0x88640000,0xa2e00000)
  from space 132608K, 50% used [0xa2e00000,0xa6ef0590,0xaaf80000)
  to   space 131072K, 0% used [0xab100000,0xab100000,0xb3100000)
 ParOldGen       total 400640K, used 400602K [0x33100000, 0x4b840000, 0x88640000)
  object space 400640K, 99% used [0x33100000,0x4b836b38,0x4b840000)
 PSPermGen       total 16384K, used 4480K [0x2b100000, 0x2c100000, 0x33100000)
  object space 16384K, 27% used [0x2b100000,0x2b5601e0,0x2c100000)
}
Event: 66.879 GC heap before
{Heap before GC invocations=22 (full 5):
 PSYoungGen      total 566528K, used 66497K [0x88640000, 0xb3100000, 0xb3100000)
  eden space 433920K, 0% used [0x88640000,0x88640000,0xa2e00000)
  from space 132608K, 50% used [0xa2e00000,0xa6ef0590,0xaaf80000)
  to   space 131072K, 0% used [0xab100000,0xab100000,0xb3100000)
 ParOldGen       total 400640K, used 400602K [0x33100000, 0x4b840000, 0x88640000)
  object space 400640K, 99% used [0x33100000,0x4b836b38,0x4b840000)
 PSPermGen       total 16384K, used 4480K [0x2b100000, 0x2c100000, 0x33100000)
  object space 16384K, 27% used [0x2b100000,0x2b5601e0,0x2c100000)
Event: 71.652 GC heap after
Heap after GC invocations=22 (full 5):
 PSYoungGen      total 566528K, used 58638K [0x88640000, 0xb3100000, 0xb3100000)
  eden space 433920K, 0% used [0x88640000,0x88640000,0xa2e00000)
  from space 132608K, 44% used [0xa2e00000,0xa67438a8,0xaaf80000)
  to   space 131072K, 0% used [0xab100000,0xab100000,0xb3100000)
 ParOldGen       total 580096K, used 400402K [0x33100000, 0x56780000, 0x88640000)
  object space 580096K, 69% used [0x33100000,0x4b804960,0x56780000)
 PSPermGen       total 16384K, used 4480K [0x2b100000, 0x2c100000, 0x33100000)
  object space 16384K, 27% used [0x2b100000,0x2b5600e0,0x2c100000)
}
Event: 75.496 GC heap before
{Heap before GC invocations=23 (full 5):
 PSYoungGen      total 566528K, used 492558K [0x88640000, 0xb3100000, 0xb3100000)
  eden space 433920K, 100% used [0x88640000,0xa2e00000,0xa2e00000)
  from space 132608K, 44% used [0xa2e00000,0xa67438a8,0xaaf80000)
  to   space 131072K, 0% used [0xab100000,0xab100000,0xb3100000)
 ParOldGen       total 580096K, used 400402K [0x33100000, 0x56780000, 0x88640000)
  object space 580096K, 69% used [0x33100000,0x4b804960,0x56780000)
 PSPermGen       total 16384K, used 4482K [0x2b100000, 0x2c100000, 0x33100000)
  object space 16384K, 27% used [0x2b100000,0x2b560990,0x2c100000)
Event: 78.827 GC heap after
Heap after GC invocations=23 (full 5):
 PSYoungGen      total 425216K, used 131071K [0x88640000, 0xb3100000, 0xb3100000)
  eden space 294144K, 0% used [0x88640000,0x88640000,0x9a580000)
  from space 131072K, 99% used [0xab100000,0xb30fff60,0xb3100000)
  to   space 202496K, 0% used [0x9a580000,0x9a580000,0xa6b40000)
 ParOldGen       total 580096K, used 534355K [0x33100000, 0x56780000, 0x88640000)
  object space 580096K, 92% used [0x33100000,0x53ad4c00,0x56780000)
 PSPermGen       total 16384K, used 4482K [0x2b100000, 0x2c100000, 0x33100000)
  object space 16384K, 27% used [0x2b100000,0x2b560990,0x2c100000)
}
Event: 79.221 GC heap before
{Heap before GC invocations=24 (full 6):
 PSYoungGen      total 425216K, used 131071K [0x88640000, 0xb3100000, 0xb3100000)
  eden space 294144K, 0% used [0x88640000,0x88640000,0x9a580000)
  from space 131072K, 99% used [0xab100000,0xb30fff60,0xb3100000)
  to   space 202496K, 0% used [0x9a580000,0x9a580000,0xa6b40000)
 ParOldGen       total 580096K, used 534355K [0x33100000, 0x56780000, 0x88640000)
  object space 580096K, 92% used [0x33100000,0x53ad4c00,0x56780000)
 PSPermGen       total 16384K, used 4482K [0x2b100000, 0x2c100000, 0x33100000)
  object space 16384K, 27% used [0x2b100000,0x2b560990,0x2c100000)

Deoptimization events (10 events):
Event: 55.517 Thread 0x256e0400 Uncommon trap: reason=unstable_if action=reinterpret pc=0xb3356660 method=com.android.dx.ssa.PhiInsn.getSources()Lcom/android/dx/rop/code/RegisterSpecList; @ 19
Event: 55.517 Thread 0x256e0400 Uncommon trap: reason=unstable_if action=reinterpret pc=0xb332d794 method=com.android.dx.ssa.PhiInsn.getSources()Lcom/android/dx/rop/code/RegisterSpecList; @ 19
Event: 61.763 Thread 0x256db000 Uncommon trap: reason=predicate action=maybe_recompile pc=0xb328d728 method=com.android.dx.ssa.DomFront.run()[Lcom/android/dx/ssa/DomFront$DomInfo; @ 175
Event: 61.781 Thread 0x256db000 Uncommon trap: reason=class_check action=maybe_recompile pc=0xb3338098 method=com.android.dx.ssa.DomFront.calcDomFronts()V @ 101
Event: 61.798 Thread 0x256db000 Uncommon trap: reason=class_check action=maybe_recompile pc=0xb332674c method=com.android.dx.ssa.DomFront.calcDomFronts()V @ 101
Event: 61.818 Thread 0x256db000 Uncommon trap: reason=class_check action=maybe_recompile pc=0xb332674c method=com.android.dx.ssa.DomFront.calcDomFronts()V @ 101
Event: 61.833 Thread 0x256db000 Uncommon trap: reason=class_check action=maybe_recompile pc=0xb332674c method=com.android.dx.ssa.DomFront.calcDomFronts()V @ 101
Event: 65.324 Thread 0x256df800 Uncommon trap: reason=class_check action=maybe_recompile pc=0xb34ef294 method=java.util.TimSort.gallopLeft(Ljava/lang/Object;[Ljava/lang/Object;IIILjava/util/Comparator;)I @ 44
Event: 65.324 Thread 0x256df800 Uncommon trap: reason=class_check action=maybe_recompile pc=0xb34ef294 method=java.util.TimSort.gallopLeft(Ljava/lang/Object;[Ljava/lang/Object;IIILjava/util/Comparator;)I @ 44
Event: 65.324 Thread 0x256df800 Uncommon trap: reason=class_check action=maybe_recompile pc=0xb34ef294 method=java.util.TimSort.gallopLeft(Ljava/lang/Object;[Ljava/lang/Object;IIILjava/util/Comparator;)I @ 44

Internal exceptions (10 events):
Event: 11.111 Thread 0x256db000 Implicit null exception at 0xb3302288 to 0xb33053f1
Event: 12.184 Thread 0xb6207c00 Threw 0x8eed0dc8 at /build/openjdk-7-OqSw7x/openjdk-7-7u101-2.6.6/build/openjdk/hotspot/src/share/vm/prims/jvm.cpp:1322
Event: 19.308 Thread 0xb6207c00 Implicit null exception at 0xb32e9148 to 0xb32ea401
Event: 23.679 Thread 0xb6207c00 Implicit null exception at 0xb33a6c00 to 0xb33af459
Event: 24.428 Thread 0x256db000 Implicit null exception at 0xb338e896 to 0xb338f085
Event: 24.502 Thread 0x256db000 Implicit null exception at 0xb32d8129 to 0xb32d8725
Event: 33.860 Thread 0xb6207c00 Threw 0x987bd400 at /build/openjdk-7-OqSw7x/openjdk-7-7u101-2.6.6/build/openjdk/hotspot/src/share/vm/prims/jvm.cpp:1322
Event: 37.343 Thread 0xb6207c00 Threw 0x90769ba8 at /build/openjdk-7-OqSw7x/openjdk-7-7u101-2.6.6/build/openjdk/hotspot/src/share/vm/prims/jvm.cpp:1322
Event: 61.764 Thread 0x256db000 Threw 0x8df3b9e8 at /build/openjdk-7-OqSw7x/openjdk-7-7u101-2.6.6/build/openjdk/hotspot/src/share/vm/prims/jvm.cpp:1322
Event: 61.887 Thread 0x256db000 Threw 0x8dfa23a0 at /build/openjdk-7-OqSw7x/openjdk-7-7u101-2.6.6/build/openjdk/hotspot/src/share/vm/prims/jvm.cpp:1322

Events (10 events):
Event: 65.324 Thread 0x256df800 DEOPT UNPACKING pc=0xb3204bc8 sp=0x24882abc mode 2
Event: 65.324 Thread 0x256df800 Uncommon trap: trap_request=0xffffffde fr.pc=0xb34ef294
Event: 65.324 Thread 0x256df800 DEOPT PACKING pc=0xb34ef294 sp=0x24882aa0
Event: 65.324 Thread 0x256df800 DEOPT UNPACKING pc=0xb3204bc8 sp=0x24882a8c mode 2
Event: 65.324 Thread 0x256df800 Uncommon trap: trap_request=0xffffffde fr.pc=0xb34ef294
Event: 65.324 Thread 0x256df800 DEOPT PACKING pc=0xb34ef294 sp=0x24882aa0
Event: 65.324 Thread 0x256df800 DEOPT UNPACKING pc=0xb3204bc8 sp=0x24882a8c mode 2
Event: 65.999 Executing VM operation: ParallelGCFailedAllocation
Event: 71.652 Executing VM operation: ParallelGCFailedAllocation done
Event: 75.493 Executing VM operation: ParallelGCFailedAllocation


Dynamic libraries:
08048000-08049000 r-xp 00000000 08:01 2624692    /usr/lib/jvm/java-7-openjdk-i386/jre/bin/java
08049000-0804a000 r--p 00000000 08:01 2624692    /usr/lib/jvm/java-7-openjdk-i386/jre/bin/java
0804a000-0804b000 rw-p 00001000 08:01 2624692    /usr/lib/jvm/java-7-openjdk-i386/jre/bin/java
081db000-09214000 rw-p 00000000 00:00 0          [heap]
23200000-23300000 rw-p 00000000 00:00 0 
23500000-235e0000 rw-p 00000000 00:00 0 
235e0000-23600000 ---p 00000000 00:00 0 
23800000-238f9000 rw-p 00000000 00:00 0 
238f9000-23900000 ---p 00000000 00:00 0 
23a00000-23af9000 rw-p 00000000 00:00 0 
23af9000-23b00000 ---p 00000000 00:00 0 
23c00000-23cf9000 rw-p 00000000 00:00 0 
23cf9000-23d00000 ---p 00000000 00:00 0 
23d00000-23df1000 rw-p 00000000 00:00 0 
23df1000-23e00000 ---p 00000000 00:00 0 
23e00000-23efe000 rw-p 00000000 00:00 0 
23efe000-23f00000 ---p 00000000 00:00 0 
23f00000-23ff9000 rw-p 00000000 00:00 0 
23ff9000-24000000 ---p 00000000 00:00 0 
24000000-240fb000 rw-p 00000000 00:00 0 
240fb000-24100000 ---p 00000000 00:00 0 
24100000-241f8000 rw-p 00000000 00:00 0 
241f8000-24200000 ---p 00000000 00:00 0 
24200000-242d7000 rw-p 00000000 00:00 0 
242d7000-24300000 ---p 00000000 00:00 0 
24400000-244eb000 rw-p 00000000 00:00 0 
244eb000-24500000 ---p 00000000 00:00 0 
24500000-245ff000 rw-p 00000000 00:00 0 
245ff000-24600000 ---p 00000000 00:00 0 
24600000-246d7000 rw-p 00000000 00:00 0 
246d7000-24700000 ---p 00000000 00:00 0 
24791000-24794000 ---p 00000000 00:00 0 
24794000-247e2000 rw-p 00000000 00:00 0 
247e2000-247e5000 ---p 00000000 00:00 0 
247e5000-24833000 rw-p 00000000 00:00 0 
24833000-24836000 ---p 00000000 00:00 0 
24836000-24884000 rw-p 00000000 00:00 0 
24884000-24887000 ---p 00000000 00:00 0 
24887000-248d5000 rw-p 00000000 00:00 0 
248d5000-248d8000 ---p 00000000 00:00 0 
248d8000-24ae7000 rw-p 00000000 00:00 0 
24ae7000-24b58000 r-xp 00000000 08:01 2245270    /lib/i386-linux-gnu/libpcre.so.3.13.1
24b58000-24b59000 r--p 00070000 08:01 2245270    /lib/i386-linux-gnu/libpcre.so.3.13.1
24b59000-24b5a000 rw-p 00071000 08:01 2245270    /lib/i386-linux-gnu/libpcre.so.3.13.1
24b5a000-24b6e000 r-xp 00000000 08:01 2250971    /lib/i386-linux-gnu/libresolv-2.21.so
24b6e000-24b6f000 r--p 00013000 08:01 2250971    /lib/i386-linux-gnu/libresolv-2.21.so
24b6f000-24b70000 rw-p 00014000 08:01 2250971    /lib/i386-linux-gnu/libresolv-2.21.so
24b70000-24b72000 rw-p 00000000 00:00 0 
24b72000-24b97000 r-xp 00000000 08:01 2228291    /lib/i386-linux-gnu/libselinux.so.1
24b97000-24b98000 r--p 00024000 08:01 2228291    /lib/i386-linux-gnu/libselinux.so.1
24b98000-24b99000 rw-p 00025000 08:01 2228291    /lib/i386-linux-gnu/libselinux.so.1
24b99000-24b9a000 rw-p 00000000 00:00 0 
24b9a000-24cbf000 r-xp 00000000 08:01 2228289    /lib/i386-linux-gnu/libglib-2.0.so.0.4600.2
24cbf000-24cc0000 r--p 00124000 08:01 2228289    /lib/i386-linux-gnu/libglib-2.0.so.0.4600.2
24cc0000-24cc1000 rw-p 00125000 08:01 2228289    /lib/i386-linux-gnu/libglib-2.0.so.0.4600.2
24cc1000-24d1d000 r-xp 00000000 08:01 2623757    /usr/lib/i386-linux-gnu/libgobject-2.0.so.0.4600.2
24d1d000-24d1e000 ---p 0005c000 08:01 2623757    /usr/lib/i386-linux-gnu/libgobject-2.0.so.0.4600.2
24d1e000-24d1f000 r--p 0005c000 08:01 2623757    /usr/lib/i386-linux-gnu/libgobject-2.0.so.0.4600.2
24d1f000-24d20000 rw-p 0005d000 08:01 2623757    /usr/lib/i386-linux-gnu/libgobject-2.0.so.0.4600.2
24d20000-24edd000 r-xp 00000000 08:01 2623745    /usr/lib/i386-linux-gnu/libgio-2.0.so.0.4600.2
24edd000-24ede000 ---p 001bd000 08:01 2623745    /usr/lib/i386-linux-gnu/libgio-2.0.so.0.4600.2
24ede000-24ee0000 r--p 001bd000 08:01 2623745    /usr/lib/i386-linux-gnu/libgio-2.0.so.0.4600.2
24ee0000-24ee1000 rw-p 001bf000 08:01 2623745    /usr/lib/i386-linux-gnu/libgio-2.0.so.0.4600.2
24ee1000-24ee2000 rw-p 00000000 00:00 0 
24f00000-24ff8000 rw-p 00000000 00:00 0 
24ff8000-25000000 ---p 00000000 00:00 0 
25033000-25139000 r--s 00af2000 08:01 5919038    /home/bali/AndroidStudioProjects/DMV/app/build/intermediates/transforms/jarMerging/debug/jars/1/1f/combined.jar
25139000-2513a000 ---p 00000000 00:00 0 
2513a000-251ba000 rw-p 00000000 00:00 0 
251ba000-251bd000 ---p 00000000 00:00 0 
251bd000-2520b000 rw-p 00000000 00:00 0 
2520b000-2520e000 ---p 00000000 00:00 0 
2520e000-2528c000 rw-p 00000000 00:00 0 
2528c000-2528f000 ---p 00000000 00:00 0 
2528f000-2530d000 rw-p 00000000 00:00 0 
2530d000-25310000 ---p 00000000 00:00 0 
25310000-2535e000 rw-p 00000000 00:00 0 
2535e000-2555e000 r--p 00000000 08:01 2630559    /usr/lib/locale/locale-archive
2555e000-25561000 ---p 00000000 00:00 0 
25561000-255af000 rw-p 00000000 00:00 0 
255af000-255b2000 ---p 00000000 00:00 0 
255b2000-25600000 rw-p 00000000 00:00 0 
25600000-25700000 rw-p 00000000 00:00 0 
25704000-25705000 ---p 00000000 00:00 0 
25705000-257ce000 rw-p 00000000 00:00 0 
257ce000-25980000 r--s 01d32000 08:01 2629111    /usr/lib/jvm/java-7-openjdk-i386/jre/lib/rt.jar
25980000-2a600000 rw-p 00000000 00:00 0 
2a600000-2a6fb000 rw-p 00000000 00:00 0 
2a6fb000-2a700000 ---p 00000000 00:00 0 
2a70b000-2a722000 r-xp 00000000 08:01 2629072    /usr/lib/jvm/java-7-openjdk-i386/jre/lib/i386/libnet.so
2a722000-2a723000 r--p 00016000 08:01 2629072    /usr/lib/jvm/java-7-openjdk-i386/jre/lib/i386/libnet.so
2a723000-2a724000 rw-p 00017000 08:01 2629072    /usr/lib/jvm/java-7-openjdk-i386/jre/lib/i386/libnet.so
2a724000-2a77f000 rw-p 00000000 00:00 0 
2a77f000-2a780000 ---p 00000000 00:00 0 
2a780000-2a800000 rw-p 00000000 00:00 0 
2a800000-2a86c000 rw-p 00000000 00:00 0 
2a86c000-2a900000 ---p 00000000 00:00 0 
2a904000-2a90b000 r-xp 00000000 08:01 2630855    /usr/lib/i386-linux-gnu/libffi.so.6.0.4
2a90b000-2a90d000 r--p 00006000 08:01 2630855    /usr/lib/i386-linux-gnu/libffi.so.6.0.4
2a90d000-2a90e000 rw-p 00008000 08:01 2630855    /usr/lib/i386-linux-gnu/libffi.so.6.0.4
2a90e000-2a91e000 r-xp 00000000 08:01 2629095    /usr/lib/jvm/java-7-openjdk-i386/jre/lib/i386/libnio.so
2a91e000-2a91f000 r--p 0000f000 08:01 2629095    /usr/lib/jvm/java-7-openjdk-i386/jre/lib/i386/libnio.so
2a91f000-2a920000 rw-p 00010000 08:01 2629095    /usr/lib/jvm/java-7-openjdk-i386/jre/lib/i386/libnio.so
2a920000-2a953000 rw-p 00000000 00:00 0 
2a953000-2a954000 ---p 00000000 00:00 0 
2a954000-2a9dc000 rw-p 00000000 00:00 0 
2a9dc000-2aa14000 rw-p 00000000 00:00 0 
2aa14000-2ab30000 rw-p 00000000 00:00 0 
2ab30000-2acbf000 rw-p 00000000 00:00 0 
2acbf000-2acc7000 rw-p 00000000 00:00 0 
2acc7000-2acff000 rw-p 00000000 00:00 0 
2acff000-2ae1b000 rw-p 00000000 00:00 0 
2ae1b000-2afa9000 rw-p 00000000 00:00 0 
2afa9000-2b0ff000 rw-p 00000000 00:00 0 
2b0ff000-2c100000 rw-p 00000000 00:00 0 
2c100000-33100000 rw-p 00000000 00:00 0 
33100000-56780000 rw-p 00000000 00:00 0 
65040000-88640000 rw-p 00000000 00:00 0 
88640000-b3100000 rw-p 00000000 00:00 0 
b3104000-b3107000 r-xp 00000000 08:01 2623814    /usr/lib/i386-linux-gnu/libgmodule-2.0.so.0.4600.2
b3107000-b3108000 r--p 00002000 08:01 2623814    /usr/lib/i386-linux-gnu/libgmodule-2.0.so.0.4600.2
b3108000-b3109000 rw-p 00003000 08:01 2623814    /usr/lib/i386-linux-gnu/libgmodule-2.0.so.0.4600.2
b3109000-b3118000 r--s 000df000 08:01 1058117    /home/bali/Documents/adt-bundle-linux-x86-20140702/sdk/build-tools/23.0.3/lib/dx.jar
b3118000-b3129000 rw-p 00000000 00:00 0 
b3129000-b31d8000 rw-p 00000000 00:00 0 
b31d8000-b3618000 rwxp 00000000 00:00 0 
b3618000-b61d8000 rw-p 00000000 00:00 0 
b61d8000-b61e3000 r-xp 00000000 08:01 2250959    /lib/i386-linux-gnu/libnss_files-2.21.so
b61e3000-b61e4000 r--p 0000a000 08:01 2250959    /lib/i386-linux-gnu/libnss_files-2.21.so
b61e4000-b61e5000 rw-p 0000b000 08:01 2250959    /lib/i386-linux-gnu/libnss_files-2.21.so
b61e5000-b61fc000 r-xp 00000000 08:01 2250976    /lib/i386-linux-gnu/libnsl-2.21.so
b61fc000-b61fd000 r--p 00016000 08:01 2250976    /lib/i386-linux-gnu/libnsl-2.21.so
b61fd000-b61fe000 rw-p 00017000 08:01 2250976    /lib/i386-linux-gnu/libnsl-2.21.so
b61fe000-b6200000 rw-p 00000000 00:00 0 
b6200000-b62fd000 rw-p 00000000 00:00 0 
b62fd000-b6300000 ---p 00000000 00:00 0 
b6302000-b6306000 r--s 0003c000 08:01 2629126    /usr/lib/jvm/java-7-openjdk-i386/jre/lib/ext/sunpkcs11.jar
b6306000-b6309000 r--s 0000f000 08:01 2629124    /usr/lib/jvm/java-7-openjdk-i386/jre/lib/ext/icedtea-sound.jar
b6309000-b6314000 r-xp 00000000 08:01 2250973    /lib/i386-linux-gnu/libnss_nis-2.21.so
b6314000-b6315000 r--p 0000a000 08:01 2250973    /lib/i386-linux-gnu/libnss_nis-2.21.so
b6315000-b6316000 rw-p 0000b000 08:01 2250973    /lib/i386-linux-gnu/libnss_nis-2.21.so
b6316000-b6318000 r--s 00007000 08:01 3024966    /usr/share/java/java-atk-wrapper.jar
b6318000-b631c000 r--s 00085000 08:01 2629125    /usr/lib/jvm/java-7-openjdk-i386/jre/lib/ext/localedata.jar
b631c000-b631e000 r--s 00012000 08:01 2629122    /usr/lib/jvm/java-7-openjdk-i386/jre/lib/ext/zipfs.jar
b631e000-b6322000 r--s 00034000 08:01 2629123    /usr/lib/jvm/java-7-openjdk-i386/jre/lib/ext/sunjce_provider.jar
b6322000-b632a000 r-xp 00000000 08:01 2629077    /usr/lib/jvm/java-7-openjdk-i386/jre/lib/i386/libzip.so
b632a000-b632b000 r--p 00007000 08:01 2629077    /usr/lib/jvm/java-7-openjdk-i386/jre/lib/i386/libzip.so
b632b000-b632c000 rw-p 00008000 08:01 2629077    /usr/lib/jvm/java-7-openjdk-i386/jre/lib/i386/libzip.so
b632c000-b6334000 rw-s 00000000 08:01 5919039    /tmp/hsperfdata_bali/3482
b6334000-b635a000 r-xp 00000000 08:01 2629063    /usr/lib/jvm/java-7-openjdk-i386/jre/lib/i386/libjava.so
b635a000-b635b000 r--p 00025000 08:01 2629063    /usr/lib/jvm/java-7-openjdk-i386/jre/lib/i386/libjava.so
b635b000-b635c000 rw-p 00026000 08:01 2629063    /usr/lib/jvm/java-7-openjdk-i386/jre/lib/i386/libjava.so
b635c000-b6363000 r-xp 00000000 08:01 2250960    /lib/i386-linux-gnu/librt-2.21.so
b6363000-b6364000 r--p 00006000 08:01 2250960    /lib/i386-linux-gnu/librt-2.21.so
b6364000-b6365000 rw-p 00007000 08:01 2250960    /lib/i386-linux-gnu/librt-2.21.so
b6365000-b6368000 ---p 00000000 00:00 0 
b6368000-b63b6000 rw-p 00000000 00:00 0 
b63b6000-b63d2000 r-xp 00000000 08:01 2232811    /lib/i386-linux-gnu/libgcc_s.so.1
b63d2000-b63d3000 r--p 0001b000 08:01 2232811    /lib/i386-linux-gnu/libgcc_s.so.1
b63d3000-b63d4000 rw-p 0001c000 08:01 2232811    /lib/i386-linux-gnu/libgcc_s.so.1
b63d4000-b641f000 r-xp 00000000 08:01 2250962    /lib/i386-linux-gnu/libm-2.21.so
b641f000-b6420000 r--p 0004a000 08:01 2250962    /lib/i386-linux-gnu/libm-2.21.so
b6420000-b6421000 rw-p 0004b000 08:01 2250962    /lib/i386-linux-gnu/libm-2.21.so
b6421000-b658e000 r-xp 00000000 08:01 2625422    /usr/lib/i386-linux-gnu/libstdc++.so.6.0.21
b658e000-b658f000 ---p 0016d000 08:01 2625422    /usr/lib/i386-linux-gnu/libstdc++.so.6.0.21
b658f000-b6594000 r--p 0016d000 08:01 2625422    /usr/lib/i386-linux-gnu/libstdc++.so.6.0.21
b6594000-b6595000 rw-p 00172000 08:01 2625422    /usr/lib/i386-linux-gnu/libstdc++.so.6.0.21
b6595000-b6598000 rw-p 00000000 00:00 0 
b6598000-b7101000 r-xp 00000000 08:01 2629075    /usr/lib/jvm/java-7-openjdk-i386/jre/lib/i386/server/libjvm.so
b7101000-b714c000 r--p 00b68000 08:01 2629075    /usr/lib/jvm/java-7-openjdk-i386/jre/lib/i386/server/libjvm.so
b714c000-b7160000 rw-p 00bb3000 08:01 2629075    /usr/lib/jvm/java-7-openjdk-i386/jre/lib/i386/server/libjvm.so
b7160000-b757f000 rw-p 00000000 00:00 0 
b757f000-b7598000 r-xp 00000000 08:01 2228300    /lib/i386-linux-gnu/libz.so.1.2.8
b7598000-b7599000 r--p 00018000 08:01 2228300    /lib/i386-linux-gnu/libz.so.1.2.8
b7599000-b759a000 rw-p 00019000 08:01 2228300    /lib/i386-linux-gnu/libz.so.1.2.8
b759a000-b75b3000 r-xp 00000000 08:01 2250963    /lib/i386-linux-gnu/libpthread-2.21.so
b75b3000-b75b4000 r--p 00018000 08:01 2250963    /lib/i386-linux-gnu/libpthread-2.21.so
b75b4000-b75b5000 rw-p 00019000 08:01 2250963    /lib/i386-linux-gnu/libpthread-2.21.so
b75b5000-b75b7000 rw-p 00000000 00:00 0 
b75b7000-b75ba000 r-xp 00000000 08:01 2250966    /lib/i386-linux-gnu/libdl-2.21.so
b75ba000-b75bb000 r--p 00002000 08:01 2250966    /lib/i386-linux-gnu/libdl-2.21.so
b75bb000-b75bc000 rw-p 00003000 08:01 2250966    /lib/i386-linux-gnu/libdl-2.21.so
b75bc000-b7770000 r-xp 00000000 08:01 2250979    /lib/i386-linux-gnu/libc-2.21.so
b7770000-b7773000 r--p 001b3000 08:01 2250979    /lib/i386-linux-gnu/libc-2.21.so
b7773000-b7775000 rw-p 001b6000 08:01 2250979    /lib/i386-linux-gnu/libc-2.21.so
b7775000-b7777000 rw-p 00000000 00:00 0 
b7777000-b7778000 r--s 00002000 08:01 2629121    /usr/lib/jvm/java-7-openjdk-i386/jre/lib/ext/dnsns.jar
b7778000-b7779000 r--p 005db000 08:01 2630559    /usr/lib/locale/locale-archive
b7779000-b7781000 r-xp 00000000 08:01 2250961    /lib/i386-linux-gnu/libnss_compat-2.21.so
b7781000-b7782000 r--p 00007000 08:01 2250961    /lib/i386-linux-gnu/libnss_compat-2.21.so
b7782000-b7783000 rw-p 00008000 08:01 2250961    /lib/i386-linux-gnu/libnss_compat-2.21.so
b7783000-b7784000 rw-p 00000000 00:00 0 
b7784000-b7785000 ---p 00000000 00:00 0 
b7785000-b7793000 r-xp 00000000 08:01 2629064    /usr/lib/jvm/java-7-openjdk-i386/jre/lib/i386/libverify.so
b7793000-b7794000 r--p 0000d000 08:01 2629064    /usr/lib/jvm/java-7-openjdk-i386/jre/lib/i386/libverify.so
b7794000-b7795000 rw-p 0000e000 08:01 2629064    /usr/lib/jvm/java-7-openjdk-i386/jre/lib/i386/libverify.so
b7795000-b77a1000 r-xp 00000000 08:01 2629092    /usr/lib/jvm/java-7-openjdk-i386/jre/lib/i386/jli/libjli.so
b77a1000-b77a2000 r--p 0000b000 08:01 2629092    /usr/lib/jvm/java-7-openjdk-i386/jre/lib/i386/jli/libjli.so
b77a2000-b77a3000 rw-p 0000c000 08:01 2629092    /usr/lib/jvm/java-7-openjdk-i386/jre/lib/i386/jli/libjli.so
b77a3000-b77a6000 rw-p 00000000 00:00 0 
b77a6000-b77a8000 r--p 00000000 00:00 0          [vvar]
b77a8000-b77a9000 r-xp 00000000 00:00 0          [vdso]
b77a9000-b77cb000 r-xp 00000000 08:01 2250977    /lib/i386-linux-gnu/ld-2.21.so
b77cb000-b77cc000 r--p 00021000 08:01 2250977    /lib/i386-linux-gnu/ld-2.21.so
b77cc000-b77cd000 rw-p 00022000 08:01 2250977    /lib/i386-linux-gnu/ld-2.21.so
bfa9e000-bfa9f000 rwxp 00000000 00:00 0 
bfad1000-bfaf2000 rw-p 00000000 00:00 0          [stack]

VM Arguments:
jvm_args: -Djava.awt.headless=true -Xmx2g -Dfile.encoding=UTF-8 -Duser.country=IN -Duser.language=en -Duser.variant 
java_command: com.android.dx.command.Main --dex --num-threads=4 --multi-dex --main-dex-list /home/bali/AndroidStudioProjects/DMV/app/build/intermediates/multi-dex/debug/maindexlist.txt --output /home/bali/AndroidStudioProjects/DMV/app/build/intermediates/transforms/dex/debug/folders/1000/1f/main /home/bali/AndroidStudioProjects/DMV/app/build/intermediates/transforms/jarMerging/debug/jars/1/1f/combined.jar
Launcher Type: SUN_STANDARD

Environment Variables:
PATH=/usr/local/sbin:/usr/local/bin:/usr/sbin:/usr/bin:/sbin:/bin:/usr/games:/usr/local/games
SHELL=/bin/bash
DISPLAY=:0

Signal Handlers:
SIGSEGV: [libjvm.so+0x810790], sa_mask[0]=0x7ffbfeff, sa_flags=0x10000004
SIGBUS: [libjvm.so+0x810790], sa_mask[0]=0x7ffbfeff, sa_flags=0x10000004
SIGFPE: [libjvm.so+0x689cb0], sa_mask[0]=0x7ffbfeff, sa_flags=0x10000004
SIGPIPE: [libjvm.so+0x689cb0], sa_mask[0]=0x7ffbfeff, sa_flags=0x10000004
SIGXFSZ: [libjvm.so+0x689cb0], sa_mask[0]=0x7ffbfeff, sa_flags=0x10000004
SIGILL: [libjvm.so+0x689cb0], sa_mask[0]=0x7ffbfeff, sa_flags=0x10000004
SIGUSR1: SIG_DFL, sa_mask[0]=0x00000000, sa_flags=0x00000000
SIGUSR2: [libjvm.so+0x689b00], sa_mask[0]=0x00000004, sa_flags=0x10000004
SIGHUP: [libjvm.so+0x689ce0], sa_mask[0]=0x7ffbfeff, sa_flags=0x10000004
SIGINT: [libjvm.so+0x689ce0], sa_mask[0]=0x7ffbfeff, sa_flags=0x10000004
SIGTERM: [libjvm.so+0x689ce0], sa_mask[0]=0x7ffbfeff, sa_flags=0x10000004
SIGQUIT: [libjvm.so+0x689ce0], sa_mask[0]=0x7ffbfeff, sa_flags=0x10000004
SIGTRAP: SIG_DFL, sa_mask[0]=0x00000000, sa_flags=0x00000000


---------------  S Y S T E M  ---------------

OS:Ubuntu 15.10 (wily)
uname:Linux 4.2.0-38-generic #45-Ubuntu SMP Wed Jun 8 23:03:16 UTC 2016 i686
libc:glibc 2.21 NPTL 2.21 
rlimit: STACK 8192k, CORE 0k, NPROC 30851, NOFILE 65536, AS infinity
load average:3.71 2.46 1.98

/proc/meminfo:
MemTotal:        3982064 kB
MemFree:          198296 kB
MemAvailable:     207964 kB
Buffers:           80016 kB
Cached:           229400 kB
SwapCached:            0 kB
Active:          3453560 kB
Inactive:         225256 kB
Active(anon):    3373072 kB
Inactive(anon):   144260 kB
Active(file):      80488 kB
Inactive(file):    80996 kB
Unevictable:          32 kB
Mlocked:              32 kB
HighTotal:       3129604 kB
HighFree:          36504 kB
LowTotal:         852460 kB
LowFree:          161792 kB
SwapTotal:             0 kB
SwapFree:              0 kB
Dirty:               100 kB
Writeback:             0 kB
AnonPages:       3369452 kB
Mapped:            97044 kB
Shmem:            147912 kB
Slab:              60060 kB
SReclaimable:      38560 kB
SUnreclaim:        21500 kB
KernelStack:        5064 kB
PageTables:        15648 kB
NFS_Unstable:          0 kB
Bounce:               20 kB
WritebackTmp:          0 kB
CommitLimit:     1991032 kB
Committed_AS:    7312384 kB
VmallocTotal:     122880 kB
VmallocUsed:       18260 kB
VmallocChunk:     101748 kB
AnonHugePages:   1736704 kB
CmaTotal:              0 kB
CmaFree:               0 kB
HugePages_Total:       0
HugePages_Free:        0
HugePages_Rsvd:        0
HugePages_Surp:        0
Hugepagesize:       2048 kB
DirectMap4k:       36856 kB
DirectMap2M:      876544 kB


CPU:total 2 (2 cores per cpu, 1 threads per core) family 6 model 42 stepping 7, cmov, cx8, fxsr, mmx, sse, sse2, sse3, ssse3, sse4.1, sse4.2, popcnt, tsc, tscinvbit

/proc/cpuinfo:
processor	: 0
vendor_id	: GenuineIntel
cpu family	: 6
model		: 42
model name	: Intel(R) Pentium(R) CPU B950 @ 2.10GHz
stepping	: 7
microcode	: 0x29
cpu MHz		: 973.792
cache size	: 2048 KB
physical id	: 0
siblings	: 2
core id		: 0
cpu cores	: 2
apicid		: 0
initial apicid	: 0
fdiv_bug	: no
f00f_bug	: no
coma_bug	: no
fpu		: yes
fpu_exception	: yes
cpuid level	: 13
wp		: yes
flags		: fpu vme de pse tsc msr pae mce cx8 apic sep mtrr pge mca cmov pat pse36 clflush dts acpi mmx fxsr sse sse2 ss ht tm pbe nx rdtscp lm constant_tsc arch_perfmon pebs bts xtopology nonstop_tsc aperfmperf eagerfpu pni pclmulqdq dtes64 monitor ds_cpl est tm2 ssse3 cx16 xtpr pdcm pcid sse4_1 sse4_2 x2apic popcnt tsc_deadline_timer xsave lahf_lm arat epb pln pts dtherm xsaveopt
bugs		:
bogomips	: 4190.67
clflush size	: 64
cache_alignment	: 64
address sizes	: 36 bits physical, 48 bits virtual
power management:

processor	: 1
vendor_id	: GenuineIntel
cpu family	: 6
model		: 42
model name	: Intel(R) Pentium(R) CPU B950 @ 2.10GHz
stepping	: 7
microcode	: 0x29
cpu MHz		: 1032.855
cache size	: 2048 KB
physical id	: 0
siblings	: 2
core id		: 1
cpu cores	: 2
apicid		: 2
initial apicid	: 2
fdiv_bug	: no
f00f_bug	: no
coma_bug	: no
fpu		: yes
fpu_exception	: yes
cpuid level	: 13
wp		: yes
flags		: fpu vme de pse tsc msr pae mce cx8 apic sep mtrr pge mca cmov pat pse36 clflush dts acpi mmx fxsr sse sse2 ss ht tm pbe nx rdtscp lm constant_tsc arch_perfmon pebs bts xtopology nonstop_tsc aperfmperf eagerfpu pni pclmulqdq dtes64 monitor ds_cpl est tm2 ssse3 cx16 xtpr pdcm pcid sse4_1 sse4_2 x2apic popcnt tsc_deadline_timer xsave lahf_lm arat epb pln pts dtherm xsaveopt
bugs		:
bogomips	: 4190.67
clflush size	: 64
cache_alignment	: 64
address sizes	: 36 bits physical, 48 bits virtual
power management:



Memory: 4k page, physical 3982064k(198296k free), swap 0k(0k free)

vm_info: OpenJDK Server VM (24.95-b01) for linux-x86 JRE (1.7.0_101-b00), built on Apr 24 2016 20:29:43 by "buildd" with gcc 5.2.1 20151010

time: Sun Jul 17 13:54:56 2016
elapsed time: 85 seconds

