#
# There is insufficient memory for the Java Runtime Environment to continue.
# Native memory allocation (malloc) failed to allocate 92012544 bytes for committing reserved memory.
# Possible reasons:
#   The system is out of physical RAM or swap space
#   In 32 bit mode, the process size limit was hit
# Possible solutions:
#   Reduce memory load on the system
#   Increase physical memory or swap space
#   Check if swap backing store is full
#   Use 64 bit Java on a 64 bit OS
#   Decrease Java heap size (-Xmx/-Xms)
#   Decrease number of Java threads
#   Decrease Java thread stack sizes (-Xss)
#   Set larger code cache with -XX:ReservedCodeCacheSize=
# This output file may be truncated or incomplete.
#
#  Out of Memory Error (os_linux.cpp:2827), pid=11052, tid=1743575872
#
# JRE version: OpenJDK Runtime Environment (7.0_101) (build 1.7.0_101-b00)
# Java VM: OpenJDK Server VM (24.95-b01 mixed mode linux-x86 )
# Derivative: IcedTea 2.6.6
# Distribution: Ubuntu 15.10, package 7u101-2.6.6-0ubuntu0.15.10.1
# Failed to write core dump. Core dumps have been disabled. To enable core dumping, try "ulimit -c unlimited" before starting Java again
#

---------------  T H R E A D  ---------------

Current thread (0x67d10400):  VMThread [stack: 0x67e4d000,0x67ece000] [id=11059]

Stack: [0x67e4d000,0x67ece000]
VM_Operation (0x66fc8c04): ParallelGCFailedAllocation, mode: safepoint, requested by thread 0x67dce800


---------------  P R O C E S S  ---------------

Java Threads: ( => current thread )
  0x67dd0800 JavaThread "pool-2-thread-4" [_thread_blocked, id=11071, stack(0x66ed7000,0x66f28000)]
  0x67dcf400 JavaThread "pool-2-thread-3" [_thread_blocked, id=11070, stack(0x66f28000,0x66f79000)]
  0x67dce800 JavaThread "pool-2-thread-2" [_thread_blocked, id=11069, stack(0x66f79000,0x66fca000)]
  0x67dcd000 JavaThread "pool-3-thread-1" [_thread_blocked, id=11068, stack(0x66fca000,0x6701b000)]
  0x67dca000 JavaThread "pool-2-thread-1" [_thread_blocked, id=11067, stack(0x6701b000,0x6706c000)]
  0x67d2b800 JavaThread "Service Thread" daemon [_thread_blocked, id=11065, stack(0x678ba000,0x6790b000)]
  0x67d29c00 JavaThread "C2 CompilerThread1" daemon [_thread_blocked, id=11064, stack(0x6790b000,0x6798c000)]
  0x67d27c00 JavaThread "C2 CompilerThread0" daemon [_thread_blocked, id=11063, stack(0x6798c000,0x67a0d000)]
  0x67d26000 JavaThread "Signal Dispatcher" daemon [_thread_blocked, id=11062, stack(0x67a0d000,0x67a5e000)]
  0x67d14400 JavaThread "Finalizer" daemon [_thread_blocked, id=11061, stack(0x67c5e000,0x67caf000)]
  0x67d12c00 JavaThread "Reference Handler" daemon [_thread_blocked, id=11060, stack(0x67caf000,0x67d00000)]
  0xb6207c00 JavaThread "main" [_thread_blocked, id=11056, stack(0xb633f000,0xb6390000)]

Other Threads:
=>0x67d10400 VMThread [stack: 0x67e4d000,0x67ece000] [id=11059]
  0x67d2dc00 WatcherThread [stack: 0x67839000,0x678ba000] [id=11066]

VM state:at safepoint (normal execution)

VM Mutex/Monitor currently owned by a thread:  ([mutex/lock_event])
[0xb6204d60] ExpandHeap_lock - owner thread: 0x67d10400
[0xb62052a8] Threads_lock - owner thread: 0x67d10400
[0xb62056b8] Heap_lock - owner thread: 0x67dce800

Heap
 PSYoungGen      total 222720K, used 60794K [0x9db40000, 0xb30c0000, 0xb30c0000)
  eden space 116736K, 0% used [0x9db40000,0x9db40000,0xa4d40000)
  from space 105984K, 57% used [0xac940000,0xb049eb10,0xb30c0000)
  to   space 116480K, 0% used [0xa4d40000,0xa4d40000,0xabf00000)
 ParOldGen       total 609024K, used 608952K [0x730c0000, 0x98380000, 0x9db40000)
  object space 609024K, 99% used [0x730c0000,0x9836e048,0x98380000)
 PSPermGen       total 16384K, used 4483K [0x6b0c0000, 0x6c0c0000, 0x730c0000)
  object space 16384K, 27% used [0x6b0c0000,0x6b520c90,0x6c0c0000)

Card table byte_map: [0x6ae7f000,0x6b0c0000] byte_map_base: 0x6ab26a00

Polling page: 0xb775e000

Code Cache  [0xb31ba000, 0xb35f2000, 0xb61ba000)
 total_blobs=1464 nmethods=1342 adapters=76 free_code_cache=44904Kb largest_free_block=45937728

Compilation events (10 events):
Event: 33.924 Thread 0x67d27c00 1397             java.util.BitSet::nextClearBit (116 bytes)
Event: 33.927 Thread 0x67d27c00 nmethod 1397 0xb34ad848 code [0xb34ad940, 0xb34adad0]
Event: 34.068 Thread 0x67d29c00 1398             java.util.concurrent.ArrayBlockingQueue::inc (18 bytes)
Event: 34.068 Thread 0x67d29c00 nmethod 1398 0xb333e4c8 code [0xb333e5c0, 0xb333e630]
Event: 40.561 Thread 0x67d27c00 1399             com.android.dx.util.IntList::sort (29 bytes)
Event: 40.563 Thread 0x67d27c00 nmethod 1399 0xb333e188 code [0xb333e280, 0xb333e37c]
Event: 40.563 Thread 0x67d29c00 1400 %           com.android.dx.ssa.DomFront::run @ 170 (264 bytes)
Event: 40.575 Thread 0x67d27c00 1401             com.android.dx.util.ListIntSet::<init> (23 bytes)
Event: 40.578 Thread 0x67d27c00 nmethod 1401 0xb333de08 code [0xb333df00, 0xb333e070]
Event: 40.582 Thread 0x67d27c00 1402             com.android.dx.ssa.SetFactory::makeDomFrontSet (26 bytes)

GC Heap History (10 events):
Event: 34.356 GC heap after
Heap after GC invocations=32 (full 5):
 PSYoungGen      total 232448K, used 40689K [0x9db40000, 0xb2580000, 0xb30c0000)
  eden space 132608K, 0% used [0x9db40000,0x9db40000,0xa5cc0000)
  from space 99840K, 40% used [0xa5cc0000,0xa847c750,0xabe40000)
  to   space 94464K, 0% used [0xac940000,0xac940000,0xb2580000)
 ParOldGen       total 466944K, used 428927K [0x730c0000, 0x8f8c0000, 0x9db40000)
  object space 466944K, 91% used [0x730c0000,0x8d39fe20,0x8f8c0000)
 PSPermGen       total 16384K, used 4482K [0x6b0c0000, 0x6c0c0000, 0x730c0000)
  object space 16384K, 27% used [0x6b0c0000,0x6b520928,0x6c0c0000)
}
Event: 36.607 GC heap before
{Heap before GC invocations=33 (full 5):
 PSYoungGen      total 232448K, used 173297K [0x9db40000, 0xb2580000, 0xb30c0000)
  eden space 132608K, 100% used [0x9db40000,0xa5cc0000,0xa5cc0000)
  from space 99840K, 40% used [0xa5cc0000,0xa847c750,0xabe40000)
  to   space 94464K, 0% used [0xac940000,0xac940000,0xb2580000)
 ParOldGen       total 466944K, used 428927K [0x730c0000, 0x8f8c0000, 0x9db40000)
  object space 466944K, 91% used [0x730c0000,0x8d39fe20,0x8f8c0000)
 PSPermGen       total 16384K, used 4483K [0x6b0c0000, 0x6c0c0000, 0x730c0000)
  object space 16384K, 27% used [0x6b0c0000,0x6b520cf0,0x6c0c0000)
Event: 36.773 GC heap after
Heap after GC invocations=33 (full 5):
 PSYoungGen      total 241920K, used 58459K [0x9db40000, 0xb2b80000, 0xb30c0000)
  eden space 147456K, 0% used [0x9db40000,0x9db40000,0xa6b40000)
  from space 94464K, 61% used [0xac940000,0xb0256ed0,0xb2580000)
  to   space 96256K, 0% used [0xa6b40000,0xa6b40000,0xac940000)
 ParOldGen       total 466944K, used 448371K [0x730c0000, 0x8f8c0000, 0x9db40000)
  object space 466944K, 96% used [0x730c0000,0x8e69cd50,0x8f8c0000)
 PSPermGen       total 16384K, used 4483K [0x6b0c0000, 0x6c0c0000, 0x730c0000)
  object space 16384K, 27% used [0x6b0c0000,0x6b520cf0,0x6c0c0000)
}
Event: 36.773 GC heap before
{Heap before GC invocations=34 (full 6):
 PSYoungGen      total 241920K, used 58459K [0x9db40000, 0xb2b80000, 0xb30c0000)
  eden space 147456K, 0% used [0x9db40000,0x9db40000,0xa6b40000)
  from space 94464K, 61% used [0xac940000,0xb0256ed0,0xb2580000)
  to   space 96256K, 0% used [0xa6b40000,0xa6b40000,0xac940000)
 ParOldGen       total 466944K, used 448371K [0x730c0000, 0x8f8c0000, 0x9db40000)
  object space 466944K, 96% used [0x730c0000,0x8e69cd50,0x8f8c0000)
 PSPermGen       total 16384K, used 4483K [0x6b0c0000, 0x6c0c0000, 0x730c0000)
  object space 16384K, 27% used [0x6b0c0000,0x6b520cf0,0x6c0c0000)
Event: 39.886 GC heap after
Heap after GC invocations=34 (full 6):
 PSYoungGen      total 241920K, used 36476K [0x9db40000, 0xb2b80000, 0xb30c0000)
  eden space 147456K, 0% used [0x9db40000,0x9db40000,0xa6b40000)
  from space 94464K, 38% used [0xac940000,0xaecdf120,0xb2580000)
  to   space 96256K, 0% used [0xa6b40000,0xa6b40000,0xac940000)
 ParOldGen       total 609024K, used 466752K [0x730c0000, 0x98380000, 0x9db40000)
  object space 609024K, 76% used [0x730c0000,0x8f8901b8,0x98380000)
 PSPermGen       total 16384K, used 4483K [0x6b0c0000, 0x6c0c0000, 0x730c0000)
  object space 16384K, 27% used [0x6b0c0000,0x6b520c90,0x6c0c0000)
}
Event: 39.994 GC heap before
{Heap before GC invocations=35 (full 6):
 PSYoungGen      total 241920K, used 183932K [0x9db40000, 0xb2b80000, 0xb30c0000)
  eden space 147456K, 100% used [0x9db40000,0xa6b40000,0xa6b40000)
  from space 94464K, 38% used [0xac940000,0xaecdf120,0xb2580000)
  to   space 96256K, 0% used [0xa6b40000,0xa6b40000,0xac940000)
 ParOldGen       total 609024K, used 466752K [0x730c0000, 0x98380000, 0x9db40000)
  object space 609024K, 76% used [0x730c0000,0x8f8901b8,0x98380000)
 PSPermGen       total 16384K, used 4483K [0x6b0c0000, 0x6c0c0000, 0x730c0000)
  object space 16384K, 27% used [0x6b0c0000,0x6b520c90,0x6c0c0000)
Event: 40.461 GC heap after
Heap after GC invocations=35 (full 6):
 PSYoungGen      total 243712K, used 96253K [0x9db40000, 0xb30c0000, 0xb30c0000)
  eden space 147456K, 0% used [0x9db40000,0x9db40000,0xa6b40000)
  from space 96256K, 99% used [0xa6b40000,0xac93f7a0,0xac940000)
  to   space 105984K, 0% used [0xac940000,0xac940000,0xb30c0000)
 ParOldGen       total 609024K, used 494721K [0x730c0000, 0x98380000, 0x9db40000)
  object space 609024K, 81% used [0x730c0000,0x913e0498,0x98380000)
 PSPermGen       total 16384K, used 4483K [0x6b0c0000, 0x6c0c0000, 0x730c0000)
  object space 16384K, 27% used [0x6b0c0000,0x6b520c90,0x6c0c0000)
}
Event: 40.606 GC heap before
{Heap before GC invocations=36 (full 6):
 PSYoungGen      total 243712K, used 243709K [0x9db40000, 0xb30c0000, 0xb30c0000)
  eden space 147456K, 100% used [0x9db40000,0xa6b40000,0xa6b40000)
  from space 96256K, 99% used [0xa6b40000,0xac93f7a0,0xac940000)
  to   space 105984K, 0% used [0xac940000,0xac940000,0xb30c0000)
 ParOldGen       total 609024K, used 494721K [0x730c0000, 0x98380000, 0x9db40000)
  object space 609024K, 81% used [0x730c0000,0x913e0498,0x98380000)
 PSPermGen       total 16384K, used 4483K [0x6b0c0000, 0x6c0c0000, 0x730c0000)
  object space 16384K, 27% used [0x6b0c0000,0x6b520c90,0x6c0c0000)
Event: 40.952 GC heap after
Heap after GC invocations=36 (full 6):
 PSYoungGen      total 222720K, used 105982K [0x9db40000, 0xb30c0000, 0xb30c0000)
  eden space 116736K, 0% used [0x9db40000,0x9db40000,0xa4d40000)
  from space 105984K, 99% used [0xac940000,0xb30bf878,0xb30c0000)
  to   space 116480K, 0% used [0xa4d40000,0xa4d40000,0xabf00000)
 ParOldGen       total 609024K, used 596024K [0x730c0000, 0x98380000, 0x9db40000)
  object space 609024K, 97% used [0x730c0000,0x976ce310,0x98380000)
 PSPermGen       total 16384K, used 4483K [0x6b0c0000, 0x6c0c0000, 0x730c0000)
  object space 16384K, 27% used [0x6b0c0000,0x6b520c90,0x6c0c0000)
}
Event: 40.955 GC heap before
{Heap before GC invocations=37 (full 7):
 PSYoungGen      total 222720K, used 105982K [0x9db40000, 0xb30c0000, 0xb30c0000)
  eden space 116736K, 0% used [0x9db40000,0x9db40000,0xa4d40000)
  from space 105984K, 99% used [0xac940000,0xb30bf878,0xb30c0000)
  to   space 116480K, 0% used [0xa4d40000,0xa4d40000,0xabf00000)
 ParOldGen       total 609024K, used 596024K [0x730c0000, 0x98380000, 0x9db40000)
  object space 609024K, 97% used [0x730c0000,0x976ce310,0x98380000)
 PSPermGen       total 16384K, used 4483K [0x6b0c0000, 0x6c0c0000, 0x730c0000)
  object space 16384K, 27% used [0x6b0c0000,0x6b520c90,0x6c0c0000)

Deoptimization events (10 events):
Event: 31.891 Thread 0x67dca000 Uncommon trap: reason=unstable_if action=reinterpret pc=0xb34bc744 method=java.util.DualPivotQuicksort.sort([IIIZ)V @ 705
Event: 33.041 Thread 0x67dca000 Uncommon trap: reason=predicate action=maybe_recompile pc=0xb33801a8 method=com.android.dx.ssa.DomFront.run()[Lcom/android/dx/ssa/DomFront$DomInfo; @ 175
Event: 33.041 Thread 0x67dca000 Uncommon trap: reason=unstable_if action=reinterpret pc=0xb337c69c method=com.android.dx.ssa.SetFactory.makeDomFrontSet(I)Lcom/android/dx/util/IntSet; @ 4
Event: 33.065 Thread 0x67dca000 Uncommon trap: reason=class_check action=maybe_recompile pc=0xb3281498 method=com.android.dx.ssa.DomFront.calcDomFronts()V @ 101
Event: 33.078 Thread 0x67dca000 Uncommon trap: reason=class_check action=maybe_recompile pc=0xb3261954 method=com.android.dx.ssa.SsaConverter.placePhiFunctions(Lcom/android/dx/ssa/SsaMethod;Lcom/android/dx/ssa/LocalVariableInfo;I)V @ 257
Event: 33.794 Thread 0xb6207c00 Uncommon trap: reason=class_check action=maybe_recompile pc=0xb3583014 method=java.util.TimSort.gallopLeft(Ljava/lang/Object;[Ljava/lang/Object;IIILjava/util/Comparator;)I @ 44
Event: 33.794 Thread 0xb6207c00 Uncommon trap: reason=class_check action=maybe_recompile pc=0xb3583014 method=java.util.TimSort.gallopLeft(Ljava/lang/Object;[Ljava/lang/Object;IIILjava/util/Comparator;)I @ 44
Event: 33.794 Thread 0xb6207c00 Uncommon trap: reason=class_check action=maybe_recompile pc=0xb3583014 method=java.util.TimSort.gallopLeft(Ljava/lang/Object;[Ljava/lang/Object;IIILjava/util/Comparator;)I @ 44
Event: 40.558 Thread 0x67dca000 Uncommon trap: reason=unloaded action=reinterpret pc=0xb34a9de4 method=com.android.dx.ssa.SetFactory.makeDomFrontSet(I)Lcom/android/dx/util/IntSet; @ 18
Event: 40.574 Thread 0x67dcf400 Uncommon trap: reason=unloaded action=reinterpret pc=0xb34a9de4 method=com.android.dx.ssa.SetFactory.makeDomFrontSet(I)Lcom/android/dx/util/IntSet; @ 18

Internal exceptions (10 events):
Event: 5.255 Thread 0xb6207c00 Threw 0x9f5808d0 at /build/openjdk-7-OqSw7x/openjdk-7-7u101-2.6.6/build/openjdk/hotspot/src/share/vm/prims/jvm.cpp:1322
Event: 6.565 Thread 0x67dd0800 Implicit null exception at 0xb32e6a98 to 0xb32e9bfd
Event: 6.755 Thread 0x67dd0800 Threw 0xa3194918 at /build/openjdk-7-OqSw7x/openjdk-7-7u101-2.6.6/build/openjdk/hotspot/src/share/vm/prims/jvm.cpp:1322
Event: 11.969 Thread 0xb6207c00 Implicit null exception at 0xb33ac0a0 to 0xb33b4f39
Event: 12.176 Thread 0x67dce800 Implicit null exception at 0xb338335c to 0xb3384b9d
Event: 12.311 Thread 0x67dca000 Implicit null exception at 0xb33603f6 to 0xb3360c65
Event: 17.850 Thread 0x67dd0800 Threw 0xa177f450 at /build/openjdk-7-OqSw7x/openjdk-7-7u101-2.6.6/build/openjdk/hotspot/src/share/vm/prims/jvm.cpp:1322
Event: 19.918 Thread 0xb6207c00 Threw 0x9dd25a30 at /build/openjdk-7-OqSw7x/openjdk-7-7u101-2.6.6/build/openjdk/hotspot/src/share/vm/prims/jvm.cpp:1322
Event: 33.042 Thread 0x67dca000 Threw 0x9dc26080 at /build/openjdk-7-OqSw7x/openjdk-7-7u101-2.6.6/build/openjdk/hotspot/src/share/vm/prims/jvm.cpp:1322
Event: 33.078 Thread 0x67dca000 Threw 0x9dc755f0 at /build/openjdk-7-OqSw7x/openjdk-7-7u101-2.6.6/build/openjdk/hotspot/src/share/vm/prims/jvm.cpp:1322

Events (10 events):
Event: 39.991 Executing VM operation: ParallelGCFailedAllocation
Event: 40.461 Executing VM operation: ParallelGCFailedAllocation done
Event: 40.558 Thread 0x67dca000 Uncommon trap: trap_request=0x00000004 fr.pc=0xb34a9de4
Event: 40.558 Thread 0x67dca000 DEOPT PACKING pc=0xb34a9de4 sp=0x6706acf0
Event: 40.559 Thread 0x67dca000 DEOPT UNPACKING pc=0xb31e6bc8 sp=0x6706acb4 mode 2
Event: 40.563 Thread 0x67d27c00 flushing nmethod 0xb3239688
Event: 40.574 Thread 0x67dcf400 Uncommon trap: trap_request=0x00000004 fr.pc=0xb34a9de4
Event: 40.574 Thread 0x67dcf400 DEOPT PACKING pc=0xb34a9de4 sp=0x66f77cf0
Event: 40.574 Thread 0x67dcf400 DEOPT UNPACKING pc=0xb31e6bc8 sp=0x66f77cb4 mode 2
Event: 40.591 Executing VM operation: ParallelGCFailedAllocation


Dynamic libraries:
08048000-08049000 r-xp 00000000 08:01 2624692    /usr/lib/jvm/java-7-openjdk-i386/jre/bin/java
08049000-0804a000 r--p 00000000 08:01 2624692    /usr/lib/jvm/java-7-openjdk-i386/jre/bin/java
0804a000-0804b000 rw-p 00001000 08:01 2624692    /usr/lib/jvm/java-7-openjdk-i386/jre/bin/java
098e3000-0aa4b000 rw-p 00000000 00:00 0          [heap]
65a00000-65ac4000 rw-p 00000000 00:00 0 
65ac4000-65b00000 ---p 00000000 00:00 0 
65d00000-65dfb000 rw-p 00000000 00:00 0 
65dfb000-65e00000 ---p 00000000 00:00 0 
65e00000-65f00000 rw-p 00000000 00:00 0 
65f00000-66000000 rw-p 00000000 00:00 0 
66100000-661f1000 rw-p 00000000 00:00 0 
661f1000-66200000 ---p 00000000 00:00 0 
66200000-662fe000 rw-p 00000000 00:00 0 
662fe000-66300000 ---p 00000000 00:00 0 
66300000-663f0000 rw-p 00000000 00:00 0 
663f0000-66400000 ---p 00000000 00:00 0 
66400000-664fe000 rw-p 00000000 00:00 0 
664fe000-66500000 ---p 00000000 00:00 0 
66500000-666fc000 rw-p 00000000 00:00 0 
666fc000-66700000 ---p 00000000 00:00 0 
66700000-66800000 rw-p 00000000 00:00 0 
66900000-669e1000 rw-p 00000000 00:00 0 
669e1000-66a00000 ---p 00000000 00:00 0 
66a00000-66b00000 rw-p 00000000 00:00 0 
66b00000-66c00000 rw-p 00000000 00:00 0 
66d00000-66dde000 rw-p 00000000 00:00 0 
66dde000-66e00000 ---p 00000000 00:00 0 
66ed7000-66eda000 ---p 00000000 00:00 0 
66eda000-66f28000 rw-p 00000000 00:00 0 
66f28000-66f2b000 ---p 00000000 00:00 0 
66f2b000-66f79000 rw-p 00000000 00:00 0 
66f79000-66f7c000 ---p 00000000 00:00 0 
66f7c000-66fca000 rw-p 00000000 00:00 0 
66fca000-66fcd000 ---p 00000000 00:00 0 
66fcd000-6701b000 rw-p 00000000 00:00 0 
6701b000-6701e000 ---p 00000000 00:00 0 
6701e000-6722d000 rw-p 00000000 00:00 0 
6722d000-6729e000 r-xp 00000000 08:01 2245270    /lib/i386-linux-gnu/libpcre.so.3.13.1
6729e000-6729f000 r--p 00070000 08:01 2245270    /lib/i386-linux-gnu/libpcre.so.3.13.1
6729f000-672a0000 rw-p 00071000 08:01 2245270    /lib/i386-linux-gnu/libpcre.so.3.13.1
672a0000-672b4000 r-xp 00000000 08:01 2250971    /lib/i386-linux-gnu/libresolv-2.21.so
672b4000-672b5000 r--p 00013000 08:01 2250971    /lib/i386-linux-gnu/libresolv-2.21.so
672b5000-672b6000 rw-p 00014000 08:01 2250971    /lib/i386-linux-gnu/libresolv-2.21.so
672b6000-672b8000 rw-p 00000000 00:00 0 
672b8000-673dd000 r-xp 00000000 08:01 2228289    /lib/i386-linux-gnu/libglib-2.0.so.0.4600.2
673dd000-673de000 r--p 00124000 08:01 2228289    /lib/i386-linux-gnu/libglib-2.0.so.0.4600.2
673de000-673df000 rw-p 00125000 08:01 2228289    /lib/i386-linux-gnu/libglib-2.0.so.0.4600.2
673df000-6743b000 r-xp 00000000 08:01 2623757    /usr/lib/i386-linux-gnu/libgobject-2.0.so.0.4600.2
6743b000-6743c000 ---p 0005c000 08:01 2623757    /usr/lib/i386-linux-gnu/libgobject-2.0.so.0.4600.2
6743c000-6743d000 r--p 0005c000 08:01 2623757    /usr/lib/i386-linux-gnu/libgobject-2.0.so.0.4600.2
6743d000-6743e000 rw-p 0005d000 08:01 2623757    /usr/lib/i386-linux-gnu/libgobject-2.0.so.0.4600.2
6743e000-675fb000 r-xp 00000000 08:01 2623745    /usr/lib/i386-linux-gnu/libgio-2.0.so.0.4600.2
675fb000-675fc000 ---p 001bd000 08:01 2623745    /usr/lib/i386-linux-gnu/libgio-2.0.so.0.4600.2
675fc000-675fe000 r--p 001bd000 08:01 2623745    /usr/lib/i386-linux-gnu/libgio-2.0.so.0.4600.2
675fe000-675ff000 rw-p 001bf000 08:01 2623745    /usr/lib/i386-linux-gnu/libgio-2.0.so.0.4600.2
675ff000-67600000 rw-p 00000000 00:00 0 
67600000-676fc000 rw-p 00000000 00:00 0 
676fc000-67700000 ---p 00000000 00:00 0 
6770b000-67730000 r-xp 00000000 08:01 2228291    /lib/i386-linux-gnu/libselinux.so.1
67730000-67731000 r--p 00024000 08:01 2228291    /lib/i386-linux-gnu/libselinux.so.1
67731000-67732000 rw-p 00025000 08:01 2228291    /lib/i386-linux-gnu/libselinux.so.1
67732000-67733000 rw-p 00000000 00:00 0 
67733000-67839000 r--s 00af2000 08:01 5133728    /home/bali/AndroidStudioProjects/DMV/app/build/intermediates/transforms/jarMerging/debug/jars/1/1f/combined.jar
67839000-6783a000 ---p 00000000 00:00 0 
6783a000-678ba000 rw-p 00000000 00:00 0 
678ba000-678bd000 ---p 00000000 00:00 0 
678bd000-6790b000 rw-p 00000000 00:00 0 
6790b000-6790e000 ---p 00000000 00:00 0 
6790e000-6798c000 rw-p 00000000 00:00 0 
6798c000-6798f000 ---p 00000000 00:00 0 
6798f000-67a0d000 rw-p 00000000 00:00 0 
67a0d000-67a10000 ---p 00000000 00:00 0 
67a10000-67a5e000 rw-p 00000000 00:00 0 
67a5e000-67c5e000 r--p 00000000 08:01 2630559    /usr/lib/locale/locale-archive
67c5e000-67c61000 ---p 00000000 00:00 0 
67c61000-67caf000 rw-p 00000000 00:00 0 
67caf000-67cb2000 ---p 00000000 00:00 0 
67cb2000-67d00000 rw-p 00000000 00:00 0 
67d00000-67dfd000 rw-p 00000000 00:00 0 
67dfd000-67e00000 ---p 00000000 00:00 0 
67e22000-67e39000 r-xp 00000000 08:01 2629072    /usr/lib/jvm/java-7-openjdk-i386/jre/lib/i386/libnet.so
67e39000-67e3a000 r--p 00016000 08:01 2629072    /usr/lib/jvm/java-7-openjdk-i386/jre/lib/i386/libnet.so
67e3a000-67e3b000 rw-p 00017000 08:01 2629072    /usr/lib/jvm/java-7-openjdk-i386/jre/lib/i386/libnet.so
67e3b000-67e4b000 r-xp 00000000 08:01 2629095    /usr/lib/jvm/java-7-openjdk-i386/jre/lib/i386/libnio.so
67e4b000-67e4c000 r--p 0000f000 08:01 2629095    /usr/lib/jvm/java-7-openjdk-i386/jre/lib/i386/libnio.so
67e4c000-67e4d000 rw-p 00010000 08:01 2629095    /usr/lib/jvm/java-7-openjdk-i386/jre/lib/i386/libnio.so
67e4d000-67e4e000 ---p 00000000 00:00 0 
67e4e000-67ece000 rw-p 00000000 00:00 0 
67ece000-68080000 r--s 01d32000 08:01 2629111    /usr/lib/jvm/java-7-openjdk-i386/jre/lib/rt.jar
68080000-6a900000 rw-p 00000000 00:00 0 
6a900000-6aa00000 rw-p 00000000 00:00 0 
6aa36000-6aa7f000 rw-p 00000000 00:00 0 
6aa7f000-6aa80000 ---p 00000000 00:00 0 
6aa80000-6ab00000 rw-p 00000000 00:00 0 
6ab00000-6ab3e000 rw-p 00000000 00:00 0 
6ab3e000-6ac00000 ---p 00000000 00:00 0 
6ac03000-6ac0a000 r-xp 00000000 08:01 2630855    /usr/lib/i386-linux-gnu/libffi.so.6.0.4
6ac0a000-6ac0c000 r--p 00006000 08:01 2630855    /usr/lib/i386-linux-gnu/libffi.so.6.0.4
6ac0c000-6ac0d000 rw-p 00008000 08:01 2630855    /usr/lib/i386-linux-gnu/libffi.so.6.0.4
6ac0d000-6ac68000 rw-p 00000000 00:00 0 
6ac68000-6ac69000 ---p 00000000 00:00 0 
6ac69000-6acf1000 rw-p 00000000 00:00 0 
6acf1000-6ad29000 rw-p 00000000 00:00 0 
6ad29000-6ae53000 rw-p 00000000 00:00 0 
6ae53000-6ae7f000 rw-p 00000000 00:00 0 
6ae7f000-6ae87000 rw-p 00000000 00:00 0 
6ae87000-6aebf000 rw-p 00000000 00:00 0 
6aebf000-6afe9000 rw-p 00000000 00:00 0 
6afe9000-6b014000 rw-p 00000000 00:00 0 
6b014000-6b0bf000 rw-p 00000000 00:00 0 
6b0bf000-6c0c0000 rw-p 00000000 00:00 0 
6c0c0000-730c0000 rw-p 00000000 00:00 0 
730c0000-98380000 rw-p 00000000 00:00 0 
9db40000-b30c0000 rw-p 00000000 00:00 0 
b30c4000-b30c7000 r-xp 00000000 08:01 2623814    /usr/lib/i386-linux-gnu/libgmodule-2.0.so.0.4600.2
b30c7000-b30c8000 r--p 00002000 08:01 2623814    /usr/lib/i386-linux-gnu/libgmodule-2.0.so.0.4600.2
b30c8000-b30c9000 rw-p 00003000 08:01 2623814    /usr/lib/i386-linux-gnu/libgmodule-2.0.so.0.4600.2
b30c9000-b30d8000 r--s 000df000 08:01 1058117    /home/bali/Documents/adt-bundle-linux-x86-20140702/sdk/build-tools/23.0.3/lib/dx.jar
b30d8000-b30dc000 r--s 0003c000 08:01 2629126    /usr/lib/jvm/java-7-openjdk-i386/jre/lib/ext/sunpkcs11.jar
b30dc000-b30df000 r--s 0000f000 08:01 2629124    /usr/lib/jvm/java-7-openjdk-i386/jre/lib/ext/icedtea-sound.jar
b30df000-b310b000 rw-p 00000000 00:00 0 
b310b000-b31ba000 rw-p 00000000 00:00 0 
b31ba000-b35f2000 rwxp 00000000 00:00 0 
b35f2000-b61ba000 rw-p 00000000 00:00 0 
b61ba000-b61c5000 r-xp 00000000 08:01 2250959    /lib/i386-linux-gnu/libnss_files-2.21.so
b61c5000-b61c6000 r--p 0000a000 08:01 2250959    /lib/i386-linux-gnu/libnss_files-2.21.so
b61c6000-b61c7000 rw-p 0000b000 08:01 2250959    /lib/i386-linux-gnu/libnss_files-2.21.so
b61c7000-b61de000 r-xp 00000000 08:01 2250976    /lib/i386-linux-gnu/libnsl-2.21.so
b61de000-b61df000 r--p 00016000 08:01 2250976    /lib/i386-linux-gnu/libnsl-2.21.so
b61df000-b61e0000 rw-p 00017000 08:01 2250976    /lib/i386-linux-gnu/libnsl-2.21.so
b61e0000-b61e2000 rw-p 00000000 00:00 0 
b61e2000-b61e4000 r--s 00007000 08:01 3024966    /usr/share/java/java-atk-wrapper.jar
b61e4000-b61e8000 r--s 00085000 08:01 2629125    /usr/lib/jvm/java-7-openjdk-i386/jre/lib/ext/localedata.jar
b61e8000-b61ea000 r--s 00012000 08:01 2629122    /usr/lib/jvm/java-7-openjdk-i386/jre/lib/ext/zipfs.jar
b61ea000-b61ee000 r--s 00034000 08:01 2629123    /usr/lib/jvm/java-7-openjdk-i386/jre/lib/ext/sunjce_provider.jar
b61ee000-b61f6000 r-xp 00000000 08:01 2629077    /usr/lib/jvm/java-7-openjdk-i386/jre/lib/i386/libzip.so
b61f6000-b61f7000 r--p 00007000 08:01 2629077    /usr/lib/jvm/java-7-openjdk-i386/jre/lib/i386/libzip.so
b61f7000-b61f8000 rw-p 00008000 08:01 2629077    /usr/lib/jvm/java-7-openjdk-i386/jre/lib/i386/libzip.so
b61f8000-b6200000 rw-s 00000000 08:01 526458     /tmp/hsperfdata_bali/11052
b6200000-b62fd000 rw-p 00000000 00:00 0 
b62fd000-b6300000 ---p 00000000 00:00 0 
b6301000-b630c000 r-xp 00000000 08:01 2250973    /lib/i386-linux-gnu/libnss_nis-2.21.so
b630c000-b630d000 r--p 0000a000 08:01 2250973    /lib/i386-linux-gnu/libnss_nis-2.21.so
b630d000-b630e000 rw-p 0000b000 08:01 2250973    /lib/i386-linux-gnu/libnss_nis-2.21.so
b630e000-b6334000 r-xp 00000000 08:01 2629063    /usr/lib/jvm/java-7-openjdk-i386/jre/lib/i386/libjava.so
b6334000-b6335000 r--p 00025000 08:01 2629063    /usr/lib/jvm/java-7-openjdk-i386/jre/lib/i386/libjava.so
b6335000-b6336000 rw-p 00026000 08:01 2629063    /usr/lib/jvm/java-7-openjdk-i386/jre/lib/i386/libjava.so
b6336000-b633d000 r-xp 00000000 08:01 2250960    /lib/i386-linux-gnu/librt-2.21.so
b633d000-b633e000 r--p 00006000 08:01 2250960    /lib/i386-linux-gnu/librt-2.21.so
b633e000-b633f000 rw-p 00007000 08:01 2250960    /lib/i386-linux-gnu/librt-2.21.so
b633f000-b6342000 ---p 00000000 00:00 0 
b6342000-b6390000 rw-p 00000000 00:00 0 
b6390000-b63ac000 r-xp 00000000 08:01 2232811    /lib/i386-linux-gnu/libgcc_s.so.1
b63ac000-b63ad000 r--p 0001b000 08:01 2232811    /lib/i386-linux-gnu/libgcc_s.so.1
b63ad000-b63ae000 rw-p 0001c000 08:01 2232811    /lib/i386-linux-gnu/libgcc_s.so.1
b63ae000-b63f9000 r-xp 00000000 08:01 2250962    /lib/i386-linux-gnu/libm-2.21.so
b63f9000-b63fa000 r--p 0004a000 08:01 2250962    /lib/i386-linux-gnu/libm-2.21.so
b63fa000-b63fb000 rw-p 0004b000 08:01 2250962    /lib/i386-linux-gnu/libm-2.21.so
b63fb000-b6568000 r-xp 00000000 08:01 2625422    /usr/lib/i386-linux-gnu/libstdc++.so.6.0.21
b6568000-b6569000 ---p 0016d000 08:01 2625422    /usr/lib/i386-linux-gnu/libstdc++.so.6.0.21
b6569000-b656e000 r--p 0016d000 08:01 2625422    /usr/lib/i386-linux-gnu/libstdc++.so.6.0.21
b656e000-b656f000 rw-p 00172000 08:01 2625422    /usr/lib/i386-linux-gnu/libstdc++.so.6.0.21
b656f000-b6572000 rw-p 00000000 00:00 0 
b6572000-b70db000 r-xp 00000000 08:01 2629075    /usr/lib/jvm/java-7-openjdk-i386/jre/lib/i386/server/libjvm.so
b70db000-b7126000 r--p 00b68000 08:01 2629075    /usr/lib/jvm/java-7-openjdk-i386/jre/lib/i386/server/libjvm.so
b7126000-b713a000 rw-p 00bb3000 08:01 2629075    /usr/lib/jvm/java-7-openjdk-i386/jre/lib/i386/server/libjvm.so
b713a000-b7559000 rw-p 00000000 00:00 0 
b7559000-b7572000 r-xp 00000000 08:01 2228300    /lib/i386-linux-gnu/libz.so.1.2.8
b7572000-b7573000 r--p 00018000 08:01 2228300    /lib/i386-linux-gnu/libz.so.1.2.8
b7573000-b7574000 rw-p 00019000 08:01 2228300    /lib/i386-linux-gnu/libz.so.1.2.8
b7574000-b758d000 r-xp 00000000 08:01 2250963    /lib/i386-linux-gnu/libpthread-2.21.so
b758d000-b758e000 r--p 00018000 08:01 2250963    /lib/i386-linux-gnu/libpthread-2.21.so
b758e000-b758f000 rw-p 00019000 08:01 2250963    /lib/i386-linux-gnu/libpthread-2.21.so
b758f000-b7591000 rw-p 00000000 00:00 0 
b7591000-b7594000 r-xp 00000000 08:01 2250966    /lib/i386-linux-gnu/libdl-2.21.so
b7594000-b7595000 r--p 00002000 08:01 2250966    /lib/i386-linux-gnu/libdl-2.21.so
b7595000-b7596000 rw-p 00003000 08:01 2250966    /lib/i386-linux-gnu/libdl-2.21.so
b7596000-b774a000 r-xp 00000000 08:01 2250979    /lib/i386-linux-gnu/libc-2.21.so
b774a000-b774d000 r--p 001b3000 08:01 2250979    /lib/i386-linux-gnu/libc-2.21.so
b774d000-b774f000 rw-p 001b6000 08:01 2250979    /lib/i386-linux-gnu/libc-2.21.so
b774f000-b7751000 rw-p 00000000 00:00 0 
b7751000-b7752000 r--s 00002000 08:01 2629121    /usr/lib/jvm/java-7-openjdk-i386/jre/lib/ext/dnsns.jar
b7752000-b7753000 r--p 005db000 08:01 2630559    /usr/lib/locale/locale-archive
b7753000-b775b000 r-xp 00000000 08:01 2250961    /lib/i386-linux-gnu/libnss_compat-2.21.so
b775b000-b775c000 r--p 00007000 08:01 2250961    /lib/i386-linux-gnu/libnss_compat-2.21.so
b775c000-b775d000 rw-p 00008000 08:01 2250961    /lib/i386-linux-gnu/libnss_compat-2.21.so
b775d000-b775e000 rw-p 00000000 00:00 0 
b775e000-b775f000 ---p 00000000 00:00 0 
b775f000-b776d000 r-xp 00000000 08:01 2629064    /usr/lib/jvm/java-7-openjdk-i386/jre/lib/i386/libverify.so
b776d000-b776e000 r--p 0000d000 08:01 2629064    /usr/lib/jvm/java-7-openjdk-i386/jre/lib/i386/libverify.so
b776e000-b776f000 rw-p 0000e000 08:01 2629064    /usr/lib/jvm/java-7-openjdk-i386/jre/lib/i386/libverify.so
b776f000-b777b000 r-xp 00000000 08:01 2629092    /usr/lib/jvm/java-7-openjdk-i386/jre/lib/i386/jli/libjli.so
b777b000-b777c000 r--p 0000b000 08:01 2629092    /usr/lib/jvm/java-7-openjdk-i386/jre/lib/i386/jli/libjli.so
b777c000-b777d000 rw-p 0000c000 08:01 2629092    /usr/lib/jvm/java-7-openjdk-i386/jre/lib/i386/jli/libjli.so
b777d000-b7780000 rw-p 00000000 00:00 0 
b7780000-b7782000 r--p 00000000 00:00 0          [vvar]
b7782000-b7783000 r-xp 00000000 00:00 0          [vdso]
b7783000-b77a5000 r-xp 00000000 08:01 2250977    /lib/i386-linux-gnu/ld-2.21.so
b77a5000-b77a6000 r--p 00021000 08:01 2250977    /lib/i386-linux-gnu/ld-2.21.so
b77a6000-b77a7000 rw-p 00022000 08:01 2250977    /lib/i386-linux-gnu/ld-2.21.so
bfb49000-bfb4a000 rwxp 00000000 00:00 0 
bfb7c000-bfb9d000 rw-p 00000000 00:00 0          [stack]

VM Arguments:
jvm_args: -Djava.awt.headless=true -Xmx1024M -Dfile.encoding=UTF-8 -Duser.country=IN -Duser.language=en -Duser.variant 
java_command: com.android.dx.command.Main --dex --num-threads=4 --multi-dex --main-dex-list /home/bali/AndroidStudioProjects/DMV/app/build/intermediates/multi-dex/debug/maindexlist.txt --output /home/bali/AndroidStudioProjects/DMV/app/build/intermediates/transforms/dex/debug/folders/1000/1f/main /home/bali/AndroidStudioProjects/DMV/app/build/intermediates/transforms/jarMerging/debug/jars/1/1f/combined.jar
Launcher Type: SUN_STANDARD

Environment Variables:
PATH=/usr/local/sbin:/usr/local/bin:/usr/sbin:/usr/bin:/sbin:/bin:/usr/games:/usr/local/games
SHELL=/bin/bash
DISPLAY=:0

Signal Handlers:
SIGSEGV: [libjvm.so+0x810790], sa_mask[0]=0x7ffbfeff, sa_flags=0x10000004
SIGBUS: [libjvm.so+0x810790], sa_mask[0]=0x7ffbfeff, sa_flags=0x10000004
SIGFPE: [libjvm.so+0x689cb0], sa_mask[0]=0x7ffbfeff, sa_flags=0x10000004
SIGPIPE: [libjvm.so+0x689cb0], sa_mask[0]=0x7ffbfeff, sa_flags=0x10000004
SIGXFSZ: [libjvm.so+0x689cb0], sa_mask[0]=0x7ffbfeff, sa_flags=0x10000004
SIGILL: [libjvm.so+0x689cb0], sa_mask[0]=0x7ffbfeff, sa_flags=0x10000004
SIGUSR1: SIG_DFL, sa_mask[0]=0x00000000, sa_flags=0x00000000
SIGUSR2: [libjvm.so+0x689b00], sa_mask[0]=0x00000004, sa_flags=0x10000004
SIGHUP: [libjvm.so+0x689ce0], sa_mask[0]=0x7ffbfeff, sa_flags=0x10000004
SIGINT: [libjvm.so+0x689ce0], sa_mask[0]=0x7ffbfeff, sa_flags=0x10000004
SIGTERM: [libjvm.so+0x689ce0], sa_mask[0]=0x7ffbfeff, sa_flags=0x10000004
SIGQUIT: [libjvm.so+0x689ce0], sa_mask[0]=0x7ffbfeff, sa_flags=0x10000004
SIGTRAP: SIG_DFL, sa_mask[0]=0x00000000, sa_flags=0x00000000


---------------  S Y S T E M  ---------------

OS:Ubuntu 15.10 (wily)
uname:Linux 4.2.0-38-generic #45-Ubuntu SMP Wed Jun 8 23:03:16 UTC 2016 i686
libc:glibc 2.21 NPTL 2.21 
rlimit: STACK 8192k, CORE 0k, NPROC 30851, NOFILE 65536, AS infinity
load average:3.05 1.12 1.02

/proc/meminfo:
MemTotal:        3982064 kB
MemFree:          228144 kB
MemAvailable:     189184 kB
Buffers:            8236 kB
Cached:           275504 kB
SwapCached:            0 kB
Active:          3402740 kB
Inactive:         237408 kB
Active(anon):    3370272 kB
Inactive(anon):   204112 kB
Active(file):      32468 kB
Inactive(file):    33296 kB
Unevictable:          36 kB
Mlocked:              36 kB
HighTotal:       3129604 kB
HighFree:          40992 kB
LowTotal:         852460 kB
LowFree:          187152 kB
SwapTotal:             0 kB
SwapFree:              0 kB
Dirty:               180 kB
Writeback:             0 kB
AnonPages:       3356476 kB
Mapped:           117176 kB
Shmem:            217944 kB
Slab:              61852 kB
SReclaimable:      37024 kB
SUnreclaim:        24828 kB
KernelStack:        5632 kB
PageTables:        21648 kB
NFS_Unstable:          0 kB
Bounce:              412 kB
WritebackTmp:          0 kB
CommitLimit:     1991032 kB
Committed_AS:    8488200 kB
VmallocTotal:     122880 kB
VmallocUsed:       18408 kB
VmallocChunk:     101748 kB
AnonHugePages:   2045952 kB
CmaTotal:              0 kB
CmaFree:               0 kB
HugePages_Total:       0
HugePages_Free:        0
HugePages_Rsvd:        0
HugePages_Surp:        0
Hugepagesize:       2048 kB
DirectMap4k:       65528 kB
DirectMap2M:      847872 kB


CPU:total 2 (2 cores per cpu, 1 threads per core) family 6 model 42 stepping 7, cmov, cx8, fxsr, mmx, sse, sse2, sse3, ssse3, sse4.1, sse4.2, popcnt, tsc, tscinvbit

/proc/cpuinfo:
processor	: 0
vendor_id	: GenuineIntel
cpu family	: 6
model		: 42
model name	: Intel(R) Pentium(R) CPU B950 @ 2.10GHz
stepping	: 7
microcode	: 0x29
cpu MHz		: 979.781
cache size	: 2048 KB
physical id	: 0
siblings	: 2
core id		: 0
cpu cores	: 2
apicid		: 0
initial apicid	: 0
fdiv_bug	: no
f00f_bug	: no
coma_bug	: no
fpu		: yes
fpu_exception	: yes
cpuid level	: 13
wp		: yes
flags		: fpu vme de pse tsc msr pae mce cx8 apic sep mtrr pge mca cmov pat pse36 clflush dts acpi mmx fxsr sse sse2 ss ht tm pbe nx rdtscp lm constant_tsc arch_perfmon pebs bts xtopology nonstop_tsc aperfmperf eagerfpu pni pclmulqdq dtes64 monitor ds_cpl est tm2 ssse3 cx16 xtpr pdcm pcid sse4_1 sse4_2 x2apic popcnt tsc_deadline_timer xsave lahf_lm arat epb pln pts dtherm xsaveopt
bugs		:
bogomips	: 4190.37
clflush size	: 64
cache_alignment	: 64
address sizes	: 36 bits physical, 48 bits virtual
power management:

processor	: 1
vendor_id	: GenuineIntel
cpu family	: 6
model		: 42
model name	: Intel(R) Pentium(R) CPU B950 @ 2.10GHz
stepping	: 7
microcode	: 0x29
cpu MHz		: 958.945
cache size	: 2048 KB
physical id	: 0
siblings	: 2
core id		: 1
cpu cores	: 2
apicid		: 2
initial apicid	: 2
fdiv_bug	: no
f00f_bug	: no
coma_bug	: no
fpu		: yes
fpu_exception	: yes
cpuid level	: 13
wp		: yes
flags		: fpu vme de pse tsc msr pae mce cx8 apic sep mtrr pge mca cmov pat pse36 clflush dts acpi mmx fxsr sse sse2 ss ht tm pbe nx rdtscp lm constant_tsc arch_perfmon pebs bts xtopology nonstop_tsc aperfmperf eagerfpu pni pclmulqdq dtes64 monitor ds_cpl est tm2 ssse3 cx16 xtpr pdcm pcid sse4_1 sse4_2 x2apic popcnt tsc_deadline_timer xsave lahf_lm arat epb pln pts dtherm xsaveopt
bugs		:
bogomips	: 4190.37
clflush size	: 64
cache_alignment	: 64
address sizes	: 36 bits physical, 48 bits virtual
power management:



Memory: 4k page, physical 3982064k(228236k free), swap 0k(0k free)

vm_info: OpenJDK Server VM (24.95-b01) for linux-x86 JRE (1.7.0_101-b00), built on Apr 24 2016 20:29:43 by "buildd" with gcc 5.2.1 20151010

time: Sun Jul 17 12:08:21 2016
elapsed time: 48 seconds

